[ 2019-02-17T15:27:26+08:00 ] ::1 /myoA/Public/Admin/plugin/ue/lang/zh-ch/zh-ch.js
INFO: [ app_init ] --START--
INFO: Run Behavior\BuildLiteBehavior [ RunTime:0.000019s ]
INFO: [ app_init ] --END-- [ RunTime:0.000624s ]
ERR: 无法加载模块:Public

[ 2019-02-17T18:12:59+08:00 ] ::1 /myoA/Public/Admin/plugin/ue/lang/zh-ch/zh-ch.js
INFO: [ app_init ] --START--
INFO: Run Behavior\BuildLiteBehavior [ RunTime:0.000011s ]
INFO: [ app_init ] --END-- [ RunTime:0.000356s ]
ERR: 无法加载模块:Public

[ 2019-02-17T18:12:59+08:00 ] ::1 /myoA/Public/Admin/plugin/ue/lang/zh-ch/zh-ch.js
INFO: [ app_init ] --START--
INFO: Run Behavior\BuildLiteBehavior [ RunTime:0.000013s ]
INFO: [ app_init ] --END-- [ RunTime:0.000420s ]
ERR: 无法加载模块:Public

[ 2019-02-17T18:13:08+08:00 ] ::1 /myoA/Public/Admin/plugin/ue/lang/zh-ch/zh-ch.js
INFO: [ app_init ] --START--
INFO: Run Behavior\BuildLiteBehavior [ RunTime:0.000019s ]
INFO: [ app_init ] --END-- [ RunTime:0.000627s ]
ERR: 无法加载模块:Public

