[ 2019-02-07T16:23:52+08:00 ] ::1 /myoA/Public/Admin/plugin/ue/lang/zh-ch/zh-ch.js
INFO: [ app_init ] --START--
INFO: Run Behavior\BuildLiteBehavior [ RunTime:0.000012s ]
INFO: [ app_init ] --END-- [ RunTime:0.000358s ]
ERR: 无法加载模块:Public

[ 2019-02-07T16:23:52+08:00 ] ::1 /myoA/Public/Admin/plugin/ue/lang/zh-ch/zh-ch.js
INFO: [ app_init ] --START--
INFO: Run Behavior\BuildLiteBehavior [ RunTime:0.000011s ]
INFO: [ app_init ] --END-- [ RunTime:0.000354s ]
ERR: 无法加载模块:Public

[ 2019-02-07T16:24:12+08:00 ] ::1 /myoA/Public/Admin/plugin/ue/lang/zh-ch/zh-ch.js
INFO: [ app_init ] --START--
INFO: Run Behavior\BuildLiteBehavior [ RunTime:0.000024s ]
INFO: [ app_init ] --END-- [ RunTime:0.000670s ]
ERR: 无法加载模块:Public

[ 2019-02-07T16:42:27+08:00 ] ::1 /myoA/Public/Admin/plugin/ue/lang/zh-ch/zh-ch.js
INFO: [ app_init ] --START--
INFO: Run Behavior\BuildLiteBehavior [ RunTime:0.000013s ]
INFO: [ app_init ] --END-- [ RunTime:0.000424s ]
ERR: 无法加载模块:Public

[ 2019-02-07T17:05:09+08:00 ] ::1 /myoA/Public/Admin/plugin/ue/lang/zh-ch/zh-ch.js
INFO: [ app_init ] --START--
INFO: Run Behavior\BuildLiteBehavior [ RunTime:0.000033s ]
INFO: [ app_init ] --END-- [ RunTime:0.001013s ]
ERR: 无法加载模块:Public

[ 2019-02-07T17:06:54+08:00 ] ::1 /myoA/Public/Admin/plugin/ue/lang/zh-ch/zh-ch.js
INFO: [ app_init ] --START--
INFO: Run Behavior\BuildLiteBehavior [ RunTime:0.000016s ]
INFO: [ app_init ] --END-- [ RunTime:0.000549s ]
ERR: 无法加载模块:Public

[ 2019-02-07T17:06:54+08:00 ] ::1 /myoA/Public/Admin/plugin/ue/lang/zh-ch/zh-ch.js
INFO: [ app_init ] --START--
INFO: Run Behavior\BuildLiteBehavior [ RunTime:0.000013s ]
INFO: [ app_init ] --END-- [ RunTime:0.000425s ]
ERR: 无法加载模块:Public

