[ 2019-02-18T14:18:46+08:00 ] ::1 /myoA/Public/Admin/plugin/ue/lang/zh-ch/zh-ch.js
INFO: [ app_init ] --START--
INFO: Run Behavior\BuildLiteBehavior [ RunTime:0.000014s ]
INFO: [ app_init ] --END-- [ RunTime:0.000469s ]
ERR: 无法加载模块:Public

[ 2019-02-18T14:18:47+08:00 ] ::1 /myoA/Public/Admin/plugin/ue/lang/zh-ch/zh-ch.js
INFO: [ app_init ] --START--
INFO: Run Behavior\BuildLiteBehavior [ RunTime:0.000011s ]
INFO: [ app_init ] --END-- [ RunTime:0.000353s ]
ERR: 无法加载模块:Public

[ 2019-02-18T14:18:57+08:00 ] ::1 /myoA/Public/Admin/plugin/ue/lang/zh-ch/zh-ch.js
INFO: [ app_init ] --START--
INFO: Run Behavior\BuildLiteBehavior [ RunTime:0.000026s ]
INFO: [ app_init ] --END-- [ RunTime:0.000896s ]
ERR: 无法加载模块:Public

[ 2019-02-18T14:18:57+08:00 ] ::1 /myoA/Public/Admin/plugin/ue/lang/zh-ch/zh-ch.js
INFO: [ app_init ] --START--
INFO: Run Behavior\BuildLiteBehavior [ RunTime:0.000014s ]
INFO: [ app_init ] --END-- [ RunTime:0.000511s ]
ERR: 无法加载模块:Public

[ 2019-02-18T14:21:51+08:00 ] ::1 /myoA/Public/Admin/plugin/ue/lang/zh-ch/zh-ch.js
INFO: [ app_init ] --START--
INFO: Run Behavior\BuildLiteBehavior [ RunTime:0.000011s ]
INFO: [ app_init ] --END-- [ RunTime:0.000405s ]
ERR: 无法加载模块:Public

[ 2019-02-18T14:21:52+08:00 ] ::1 /myoA/Public/Admin/plugin/ue/lang/zh-ch/zh-ch.js
INFO: [ app_init ] --START--
INFO: Run Behavior\BuildLiteBehavior [ RunTime:0.000017s ]
INFO: [ app_init ] --END-- [ RunTime:0.000569s ]
ERR: 无法加载模块:Public

[ 2019-02-18T15:15:42+08:00 ] ::1 /myoA/Public/Admin/plugin/ue/lang/zh-ch/zh-ch.js
INFO: [ app_init ] --START--
INFO: Run Behavior\BuildLiteBehavior [ RunTime:0.000012s ]
INFO: [ app_init ] --END-- [ RunTime:0.000419s ]
ERR: 无法加载模块:Public

[ 2019-02-18T15:15:43+08:00 ] ::1 /myoA/Public/Admin/plugin/ue/lang/zh-ch/zh-ch.js
INFO: [ app_init ] --START--
INFO: Run Behavior\BuildLiteBehavior [ RunTime:0.000011s ]
INFO: [ app_init ] --END-- [ RunTime:0.000381s ]
ERR: 无法加载模块:Public

[ 2019-02-18T15:53:27+08:00 ] ::1 /myoA/Public/Admin/plugin/ue/lang/zh-ch/zh-ch.js
INFO: [ app_init ] --START--
INFO: Run Behavior\BuildLiteBehavior [ RunTime:0.000029s ]
INFO: [ app_init ] --END-- [ RunTime:0.001025s ]
ERR: 无法加载模块:Public

[ 2019-02-18T15:54:03+08:00 ] ::1 /myoA/Public/Admin/plugin/ue/lang/zh-ch/zh-ch.js
INFO: [ app_init ] --START--
INFO: Run Behavior\BuildLiteBehavior [ RunTime:0.000011s ]
INFO: [ app_init ] --END-- [ RunTime:0.000386s ]
ERR: 无法加载模块:Public

[ 2019-02-18T15:54:17+08:00 ] ::1 /myoA/Public/Admin/plugin/ue/lang/zh-ch/zh-ch.js
INFO: [ app_init ] --START--
INFO: Run Behavior\BuildLiteBehavior [ RunTime:0.000021s ]
INFO: [ app_init ] --END-- [ RunTime:0.000632s ]
ERR: 无法加载模块:Public

[ 2019-02-18T15:55:19+08:00 ] ::1 /myoA/Public/Admin/plugin/ue/lang/zh-ch/zh-ch.js
INFO: [ app_init ] --START--
INFO: Run Behavior\BuildLiteBehavior [ RunTime:0.000014s ]
INFO: [ app_init ] --END-- [ RunTime:0.000419s ]
ERR: 无法加载模块:Public

[ 2019-02-18T16:12:49+08:00 ] ::1 /myoA/Public/Admin/plugin/ue/lang/zh-ch/zh-ch.js
INFO: [ app_init ] --START--
INFO: Run Behavior\BuildLiteBehavior [ RunTime:0.000014s ]
INFO: [ app_init ] --END-- [ RunTime:0.000442s ]
ERR: 无法加载模块:Public

[ 2019-02-18T17:22:27+08:00 ] ::1 /myoA/Public/Admin/plugin/ue/lang/zh-ch/zh-ch.js
INFO: [ app_init ] --START--
INFO: Run Behavior\BuildLiteBehavior [ RunTime:0.000032s ]
INFO: [ app_init ] --END-- [ RunTime:0.001079s ]
ERR: 无法加载模块:Public

[ 2019-02-18T17:39:08+08:00 ] ::1 /myoA/Public/Admin/plugin/ue/lang/zh-ch/zh-ch.js
INFO: [ app_init ] --START--
INFO: Run Behavior\BuildLiteBehavior [ RunTime:0.000015s ]
INFO: [ app_init ] --END-- [ RunTime:0.000474s ]
ERR: 无法加载模块:Public

[ 2019-02-18T17:45:59+08:00 ] ::1 /myoA/Public/Admin/plugin/ue/lang/zh-ch/zh-ch.js
INFO: [ app_init ] --START--
INFO: Run Behavior\BuildLiteBehavior [ RunTime:0.000014s ]
INFO: [ app_init ] --END-- [ RunTime:0.000425s ]
ERR: 无法加载模块:Public

[ 2019-02-18T17:46:23+08:00 ] ::1 /myoA/Public/Admin/plugin/ue/lang/zh-ch/zh-ch.js
INFO: [ app_init ] --START--
INFO: Run Behavior\BuildLiteBehavior [ RunTime:0.000015s ]
INFO: [ app_init ] --END-- [ RunTime:0.000443s ]
ERR: 无法加载模块:Public

[ 2019-02-18T17:47:46+08:00 ] ::1 /myoA/Public/Admin/plugin/ue/lang/zh-ch/zh-ch.js
INFO: [ app_init ] --START--
INFO: Run Behavior\BuildLiteBehavior [ RunTime:0.000033s ]
INFO: [ app_init ] --END-- [ RunTime:0.000887s ]
ERR: 无法加载模块:Public

[ 2019-02-18T17:51:09+08:00 ] ::1 /myoA/Public/Admin/plugin/ue/lang/zh-ch/zh-ch.js
INFO: [ app_init ] --START--
INFO: Run Behavior\BuildLiteBehavior [ RunTime:0.000030s ]
INFO: [ app_init ] --END-- [ RunTime:0.000778s ]
ERR: 无法加载模块:Public

[ 2019-02-18T17:55:28+08:00 ] ::1 /myoA/Public/Admin/plugin/ue/lang/zh-ch/zh-ch.js
INFO: [ app_init ] --START--
INFO: Run Behavior\BuildLiteBehavior [ RunTime:0.000014s ]
INFO: [ app_init ] --END-- [ RunTime:0.000456s ]
ERR: 无法加载模块:Public

[ 2019-02-18T17:55:28+08:00 ] ::1 /myoA/Public/Admin/plugin/ue/lang/zh-ch/zh-ch.js
INFO: [ app_init ] --START--
INFO: Run Behavior\BuildLiteBehavior [ RunTime:0.000021s ]
INFO: [ app_init ] --END-- [ RunTime:0.000625s ]
ERR: 无法加载模块:Public

