[ 2019-01-31T17:59:12+08:00 ] ::1 /myoA/index.php/Admin/Dept/add
INFO: [ app_init ] --START--
INFO: Run Behavior\BuildLiteBehavior [ RunTime:0.000020s ]
INFO: [ app_init ] --END-- [ RunTime:0.042378s ]
INFO: [ app_begin ] --START--
INFO: Run Behavior\ReadHtmlCacheBehavior [ RunTime:0.049211s ]
INFO: [ app_begin ] --END-- [ RunTime:0.049292s ]
SQL: SHOW COLUMNS FROM `sp_dept` [ RunTime:0.4555s ]
SQL: SELECT * FROM `sp_dept` WHERE ( pid = 0 )  [ RunTime:0.0009s ]
INFO: [ view_parse ] --START--
INFO: [ template_filter ] --START--
INFO: Run Behavior\ContentReplaceBehavior [ RunTime:0.165128s ]
INFO: [ template_filter ] --END-- [ RunTime:0.165197s ]
INFO: Run Behavior\ParseTemplateBehavior [ RunTime:0.569140s ]
INFO: [ view_parse ] --END-- [ RunTime:0.569191s ]
INFO: [ view_filter ] --START--
INFO: Run Behavior\WriteHtmlCacheBehavior [ RunTime:0.033743s ]
INFO: [ view_filter ] --END-- [ RunTime:0.033790s ]
INFO: [ app_end ] --START--
INFO: Run Behavior\ShowPageTraceBehavior [ RunTime:0.077992s ]
INFO: [ app_end ] --END-- [ RunTime:0.078044s ]

[ 2019-01-31T17:59:42+08:00 ] ::1 /myoA/index.php/Admin/Dept/add
INFO: [ app_init ] --START--
INFO: Run Behavior\BuildLiteBehavior [ RunTime:0.000024s ]
INFO: [ app_init ] --END-- [ RunTime:0.000624s ]
INFO: [ app_begin ] --START--
INFO: Run Behavior\ReadHtmlCacheBehavior [ RunTime:0.000774s ]
INFO: [ app_begin ] --END-- [ RunTime:0.000869s ]
SQL: SHOW COLUMNS FROM `sp_dept` [ RunTime:0.0354s ]
SQL: SELECT * FROM `sp_dept` WHERE ( pid = 0 )  [ RunTime:0.0007s ]
INFO: [ view_parse ] --START--
INFO: [ template_filter ] --START--
INFO: Run Behavior\ContentReplaceBehavior [ RunTime:0.000043s ]
INFO: [ template_filter ] --END-- [ RunTime:0.000102s ]
INFO: Run Behavior\ParseTemplateBehavior [ RunTime:0.006442s ]
INFO: [ view_parse ] --END-- [ RunTime:0.006490s ]
INFO: [ view_filter ] --START--
INFO: Run Behavior\WriteHtmlCacheBehavior [ RunTime:0.000290s ]
INFO: [ view_filter ] --END-- [ RunTime:0.000319s ]
INFO: [ app_end ] --START--
INFO: Run Behavior\ShowPageTraceBehavior [ RunTime:0.000433s ]
INFO: [ app_end ] --END-- [ RunTime:0.000468s ]

[ 2019-01-31T18:00:02+08:00 ] ::1 /myoA/index.php/Admin/Dept/showList
INFO: [ app_init ] --START--
INFO: Run Behavior\BuildLiteBehavior [ RunTime:0.000012s ]
INFO: [ app_init ] --END-- [ RunTime:0.000399s ]
INFO: [ app_begin ] --START--
INFO: Run Behavior\ReadHtmlCacheBehavior [ RunTime:0.000441s ]
INFO: [ app_begin ] --END-- [ RunTime:0.000510s ]
SQL: SHOW COLUMNS FROM `sp_dept` [ RunTime:0.3132s ]
SQL: SELECT * FROM `sp_dept` ORDER BY id asc  [ RunTime:0.0010s ]
SQL: SELECT * FROM `sp_dept` WHERE `id` = 1 LIMIT 1   [ RunTime:0.0007s ]
SQL: SELECT * FROM `sp_dept` WHERE `id` = 2 LIMIT 1   [ RunTime:0.0006s ]
SQL: SELECT * FROM `sp_dept` WHERE `id` = 2 LIMIT 1   [ RunTime:0.0006s ]
INFO: [ view_parse ] --START--
INFO: [ template_filter ] --START--
INFO: Run Behavior\ContentReplaceBehavior [ RunTime:0.000055s ]
INFO: [ template_filter ] --END-- [ RunTime:0.000096s ]
INFO: Run Behavior\ParseTemplateBehavior [ RunTime:0.275423s ]
INFO: [ view_parse ] --END-- [ RunTime:0.275480s ]
INFO: [ view_filter ] --START--
INFO: Run Behavior\WriteHtmlCacheBehavior [ RunTime:0.000257s ]
INFO: [ view_filter ] --END-- [ RunTime:0.000286s ]
INFO: [ app_end ] --START--
INFO: Run Behavior\ShowPageTraceBehavior [ RunTime:0.000449s ]
INFO: [ app_end ] --END-- [ RunTime:0.000481s ]

[ 2019-01-31T18:00:02+08:00 ] ::1 /myoA/index.php/Admin/Dept/j/myoA/Public/Admin/s/WdatePicker.js
INFO: [ app_init ] --START--
INFO: Run Behavior\BuildLiteBehavior [ RunTime:0.000018s ]
INFO: [ app_init ] --END-- [ RunTime:0.000476s ]
INFO: [ app_begin ] --START--
INFO: Run Behavior\ReadHtmlCacheBehavior [ RunTime:0.000574s ]
INFO: [ app_begin ] --END-- [ RunTime:0.000740s ]
ERR: 非法操作:j

[ 2019-01-31T18:00:34+08:00 ] ::1 /myoA/index.php/Admin/Dept/edit/id/1
INFO: [ app_init ] --START--
INFO: Run Behavior\BuildLiteBehavior [ RunTime:0.000012s ]
INFO: [ app_init ] --END-- [ RunTime:0.000537s ]
INFO: [ app_begin ] --START--
INFO: Run Behavior\ReadHtmlCacheBehavior [ RunTime:0.000495s ]
INFO: [ app_begin ] --END-- [ RunTime:0.000539s ]
SQL: SHOW COLUMNS FROM `sp_dept` [ RunTime:0.1146s ]
SQL: SELECT * FROM `sp_dept` WHERE `id` = 1 LIMIT 1   [ RunTime:0.0006s ]
NOTIC: [8] Use of undefined constant id - assumed 'id' E:\myphp_www\PHPTutorial\WWW\myoA\Application\Admin\Controller\DeptController.class.php 第 91 行.
NOTIC: [2] Invalid argument supplied for foreach() E:\myphp_www\PHPTutorial\WWW\myoA\ThinkPHP\Library\Think\Db\Driver.class.php 第 504 行.
SQL: SELECT * FROM `sp_dept`  [ RunTime:0.0005s ]
INFO: [ view_parse ] --START--
INFO: [ template_filter ] --START--
INFO: Run Behavior\ContentReplaceBehavior [ RunTime:0.000043s ]
INFO: [ template_filter ] --END-- [ RunTime:0.000087s ]
INFO: Run Behavior\ParseTemplateBehavior [ RunTime:0.007210s ]
INFO: [ view_parse ] --END-- [ RunTime:0.007257s ]
INFO: [ view_filter ] --START--
INFO: Run Behavior\WriteHtmlCacheBehavior [ RunTime:0.000257s ]
INFO: [ view_filter ] --END-- [ RunTime:0.000288s ]
INFO: [ app_end ] --START--
INFO: Run Behavior\ShowPageTraceBehavior [ RunTime:0.000480s ]
INFO: [ app_end ] --END-- [ RunTime:0.000515s ]

[ 2019-01-31T18:14:50+08:00 ] ::1 /myoA/index.php/Admin/User/edit
INFO: [ app_init ] --START--
INFO: Run Behavior\BuildLiteBehavior [ RunTime:0.000014s ]
INFO: [ app_init ] --END-- [ RunTime:0.000508s ]
INFO: [ app_begin ] --START--
INFO: Run Behavior\ReadHtmlCacheBehavior [ RunTime:0.000489s ]
INFO: [ app_begin ] --END-- [ RunTime:0.000553s ]
INFO: [ view_parse ] --START--
INFO: [ template_filter ] --START--
INFO: Run Behavior\ContentReplaceBehavior [ RunTime:0.000068s ]
INFO: [ template_filter ] --END-- [ RunTime:0.000119s ]
INFO: Run Behavior\ParseTemplateBehavior [ RunTime:0.102952s ]
INFO: [ view_parse ] --END-- [ RunTime:0.102997s ]
INFO: [ view_filter ] --START--
INFO: Run Behavior\WriteHtmlCacheBehavior [ RunTime:0.000331s ]
INFO: [ view_filter ] --END-- [ RunTime:0.000362s ]
INFO: [ app_end ] --START--
INFO: Run Behavior\ShowPageTraceBehavior [ RunTime:0.000465s ]
INFO: [ app_end ] --END-- [ RunTime:0.000500s ]

[ 2019-01-31T18:21:26+08:00 ] ::1 /myoA/index.php/Admin/User/edit
INFO: [ app_init ] --START--
INFO: Run Behavior\BuildLiteBehavior [ RunTime:0.000012s ]
INFO: [ app_init ] --END-- [ RunTime:0.000438s ]
INFO: [ app_begin ] --START--
INFO: Run Behavior\ReadHtmlCacheBehavior [ RunTime:0.000480s ]
INFO: [ app_begin ] --END-- [ RunTime:0.000525s ]
SQL: SHOW COLUMNS FROM `sp_dept` [ RunTime:0.0801s ]
SQL: SELECT * FROM `sp_dept` WHERE `id` = 0 LIMIT 1   [ RunTime:0.0009s ]
NOTIC: [8] Use of undefined constant id - assumed 'id' E:\myphp_www\PHPTutorial\WWW\myoA\Application\Admin\Controller\UserController.class.php 第 85 行.
NOTIC: [2] Invalid argument supplied for foreach() E:\myphp_www\PHPTutorial\WWW\myoA\ThinkPHP\Library\Think\Db\Driver.class.php 第 504 行.
SQL: SELECT * FROM `sp_dept`  [ RunTime:0.0011s ]
INFO: [ view_parse ] --START--
INFO: [ template_filter ] --START--
INFO: Run Behavior\ContentReplaceBehavior [ RunTime:0.000083s ]
INFO: [ template_filter ] --END-- [ RunTime:0.000138s ]
INFO: Run Behavior\ParseTemplateBehavior [ RunTime:0.014495s ]
INFO: [ view_parse ] --END-- [ RunTime:0.014543s ]
INFO: [ view_filter ] --START--
INFO: Run Behavior\WriteHtmlCacheBehavior [ RunTime:0.000307s ]
INFO: [ view_filter ] --END-- [ RunTime:0.000337s ]
INFO: [ app_end ] --START--
INFO: Run Behavior\ShowPageTraceBehavior [ RunTime:0.000487s ]
INFO: [ app_end ] --END-- [ RunTime:0.000525s ]

[ 2019-01-31T18:22:25+08:00 ] ::1 /myoA/index.php/Admin/User/edit
INFO: [ app_init ] --START--
INFO: Run Behavior\BuildLiteBehavior [ RunTime:0.000017s ]
INFO: [ app_init ] --END-- [ RunTime:0.000552s ]
INFO: [ app_begin ] --START--
INFO: Run Behavior\ReadHtmlCacheBehavior [ RunTime:0.000625s ]
INFO: [ app_begin ] --END-- [ RunTime:0.000693s ]
SQL: SHOW COLUMNS FROM `sp_user` [ RunTime:0.0771s ]
SQL: SELECT * FROM `sp_user` WHERE `id` = 0 LIMIT 1   [ RunTime:0.0008s ]
NOTIC: [8] Use of undefined constant id - assumed 'id' E:\myphp_www\PHPTutorial\WWW\myoA\Application\Admin\Controller\UserController.class.php 第 85 行.
NOTIC: [2] Invalid argument supplied for foreach() E:\myphp_www\PHPTutorial\WWW\myoA\ThinkPHP\Library\Think\Db\Driver.class.php 第 504 行.
SQL: SELECT * FROM `sp_user`  [ RunTime:0.0008s ]
INFO: [ view_parse ] --START--
INFO: [ template_filter ] --START--
INFO: Run Behavior\ContentReplaceBehavior [ RunTime:0.000052s ]
INFO: [ template_filter ] --END-- [ RunTime:0.000092s ]
NOTIC: [8] Undefined index: name E:\myphp_www\PHPTutorial\WWW\myoA\Application\Runtime\Cache\Admin\c5c8f88f4330c605468367c8bb60454a.php 第 47 行.
NOTIC: [8] Undefined index: name E:\myphp_www\PHPTutorial\WWW\myoA\Application\Runtime\Cache\Admin\c5c8f88f4330c605468367c8bb60454a.php 第 47 行.
NOTIC: [8] Undefined index: name E:\myphp_www\PHPTutorial\WWW\myoA\Application\Runtime\Cache\Admin\c5c8f88f4330c605468367c8bb60454a.php 第 47 行.
NOTIC: [8] Undefined index: name E:\myphp_www\PHPTutorial\WWW\myoA\Application\Runtime\Cache\Admin\c5c8f88f4330c605468367c8bb60454a.php 第 47 行.
INFO: Run Behavior\ParseTemplateBehavior [ RunTime:0.007076s ]
INFO: [ view_parse ] --END-- [ RunTime:0.007130s ]
INFO: [ view_filter ] --START--
INFO: Run Behavior\WriteHtmlCacheBehavior [ RunTime:0.000386s ]
INFO: [ view_filter ] --END-- [ RunTime:0.000421s ]
INFO: [ app_end ] --START--
INFO: Run Behavior\ShowPageTraceBehavior [ RunTime:0.000491s ]
INFO: [ app_end ] --END-- [ RunTime:0.000528s ]

[ 2019-01-31T18:38:03+08:00 ] ::1 /myoA/index.php/Admin/User/del
INFO: [ app_init ] --START--
INFO: Run Behavior\BuildLiteBehavior [ RunTime:0.000011s ]
INFO: [ app_init ] --END-- [ RunTime:0.000409s ]
INFO: [ app_begin ] --START--
INFO: Run Behavior\ReadHtmlCacheBehavior [ RunTime:0.000557s ]
INFO: [ app_begin ] --END-- [ RunTime:0.000608s ]
SQL: SHOW COLUMNS FROM `sp_user` [ RunTime:0.2345s ]
INFO: [ view_parse ] --START--
INFO: [ template_filter ] --START--
INFO: Run Behavior\ContentReplaceBehavior [ RunTime:0.000047s ]
INFO: [ template_filter ] --END-- [ RunTime:0.000093s ]
INFO: Run Behavior\ParseTemplateBehavior [ RunTime:0.038198s ]
INFO: [ view_parse ] --END-- [ RunTime:0.038255s ]
INFO: [ view_filter ] --START--
INFO: Run Behavior\WriteHtmlCacheBehavior [ RunTime:0.000351s ]
INFO: [ view_filter ] --END-- [ RunTime:0.000382s ]

[ 2019-01-31T18:38:16+08:00 ] ::1 /myoA/index.php/Admin/User/showList
INFO: [ app_init ] --START--
INFO: Run Behavior\BuildLiteBehavior [ RunTime:0.000016s ]
INFO: [ app_init ] --END-- [ RunTime:0.000505s ]
INFO: [ app_begin ] --START--
INFO: Run Behavior\ReadHtmlCacheBehavior [ RunTime:0.000618s ]
INFO: [ app_begin ] --END-- [ RunTime:0.000673s ]
SQL: SHOW COLUMNS FROM `sp_user` [ RunTime:0.0696s ]
SQL: SELECT COUNT(*) AS tp_count FROM `sp_user` LIMIT 1   [ RunTime:0.0698s ]
NOTIC: [8] Undefined property: Think\Page::$lastRow E:\myphp_www\PHPTutorial\WWW\myoA\Application\Admin\Controller\UserController.class.php 第 68 行.
SQL: SELECT * FROM `sp_user`  [ RunTime:0.0011s ]
INFO: [ view_parse ] --START--
INFO: [ template_filter ] --START--
INFO: Run Behavior\ContentReplaceBehavior [ RunTime:0.000059s ]
INFO: [ template_filter ] --END-- [ RunTime:0.000100s ]
NOTIC: [8] Undefined variable: count E:\myphp_www\PHPTutorial\WWW\myoA\Application\Runtime\Cache\Admin\f9f03a5bf1fbdbda752dba6d64925151.php 第 68 行.
INFO: Run Behavior\ParseTemplateBehavior [ RunTime:0.008400s ]
INFO: [ view_parse ] --END-- [ RunTime:0.008466s ]
INFO: [ view_filter ] --START--
INFO: Run Behavior\WriteHtmlCacheBehavior [ RunTime:0.000381s ]
INFO: [ view_filter ] --END-- [ RunTime:0.000411s ]
INFO: [ app_end ] --START--
INFO: Run Behavior\ShowPageTraceBehavior [ RunTime:0.000502s ]
INFO: [ app_end ] --END-- [ RunTime:0.000537s ]

[ 2019-01-31T18:38:22+08:00 ] ::1 /myoA/index.php/Admin/User/del/id/4
INFO: [ app_init ] --START--
INFO: Run Behavior\BuildLiteBehavior [ RunTime:0.000014s ]
INFO: [ app_init ] --END-- [ RunTime:0.000450s ]
INFO: [ app_begin ] --START--
INFO: Run Behavior\ReadHtmlCacheBehavior [ RunTime:0.000480s ]
INFO: [ app_begin ] --END-- [ RunTime:0.000523s ]
SQL: SHOW COLUMNS FROM `sp_user` [ RunTime:0.0792s ]
SQL: DELETE FROM `sp_user` WHERE `id` = 4 [ RunTime:0.0372s ]
INFO: [ view_parse ] --START--
INFO: [ template_filter ] --START--
INFO: Run Behavior\ContentReplaceBehavior [ RunTime:0.000033s ]
INFO: [ template_filter ] --END-- [ RunTime:0.000068s ]
INFO: Run Behavior\ParseTemplateBehavior [ RunTime:0.005518s ]
INFO: [ view_parse ] --END-- [ RunTime:0.005565s ]
INFO: [ view_filter ] --START--
INFO: Run Behavior\WriteHtmlCacheBehavior [ RunTime:0.000264s ]
INFO: [ view_filter ] --END-- [ RunTime:0.000292s ]
INFO: [ app_end ] --START--
INFO: Run Behavior\ShowPageTraceBehavior [ RunTime:0.000457s ]
INFO: [ app_end ] --END-- [ RunTime:0.000489s ]

[ 2019-01-31T18:38:25+08:00 ] ::1 /myoA/index.php/Admin/User/showList
INFO: [ app_init ] --START--
INFO: Run Behavior\BuildLiteBehavior [ RunTime:0.000011s ]
INFO: [ app_init ] --END-- [ RunTime:0.000352s ]
INFO: [ app_begin ] --START--
INFO: Run Behavior\ReadHtmlCacheBehavior [ RunTime:0.001331s ]
INFO: [ app_begin ] --END-- [ RunTime:0.001458s ]
SQL: SHOW COLUMNS FROM `sp_user` [ RunTime:0.0581s ]
SQL: SELECT COUNT(*) AS tp_count FROM `sp_user` LIMIT 1   [ RunTime:0.0011s ]
NOTIC: [8] Undefined property: Think\Page::$lastRow E:\myphp_www\PHPTutorial\WWW\myoA\Application\Admin\Controller\UserController.class.php 第 68 行.
SQL: SELECT * FROM `sp_user`  [ RunTime:0.0013s ]
INFO: [ view_parse ] --START--
INFO: [ template_filter ] --START--
INFO: Run Behavior\ContentReplaceBehavior [ RunTime:0.000092s ]
INFO: [ template_filter ] --END-- [ RunTime:0.000154s ]
NOTIC: [8] Undefined variable: count E:\myphp_www\PHPTutorial\WWW\myoA\Application\Runtime\Cache\Admin\f9f03a5bf1fbdbda752dba6d64925151.php 第 68 行.
INFO: Run Behavior\ParseTemplateBehavior [ RunTime:0.011751s ]
INFO: [ view_parse ] --END-- [ RunTime:0.011805s ]
INFO: [ view_filter ] --START--
INFO: Run Behavior\WriteHtmlCacheBehavior [ RunTime:0.000297s ]
INFO: [ view_filter ] --END-- [ RunTime:0.000330s ]
INFO: [ app_end ] --START--
INFO: Run Behavior\ShowPageTraceBehavior [ RunTime:0.000467s ]
INFO: [ app_end ] --END-- [ RunTime:0.000505s ]

[ 2019-01-31T18:38:35+08:00 ] ::1 /myoA/index.php/Admin/User/showList/p/2.html
INFO: [ app_init ] --START--
INFO: Run Behavior\BuildLiteBehavior [ RunTime:0.000015s ]
INFO: [ app_init ] --END-- [ RunTime:0.000501s ]
INFO: [ app_begin ] --START--
INFO: Run Behavior\ReadHtmlCacheBehavior [ RunTime:0.000479s ]
INFO: [ app_begin ] --END-- [ RunTime:0.000524s ]
SQL: SHOW COLUMNS FROM `sp_user` [ RunTime:0.0332s ]
SQL: SELECT COUNT(*) AS tp_count FROM `sp_user` LIMIT 1   [ RunTime:0.0004s ]
NOTIC: [8] Undefined property: Think\Page::$lastRow E:\myphp_www\PHPTutorial\WWW\myoA\Application\Admin\Controller\UserController.class.php 第 68 行.
SQL: SELECT * FROM `sp_user` LIMIT 1   [ RunTime:0.0005s ]
INFO: [ view_parse ] --START--
INFO: [ template_filter ] --START--
INFO: Run Behavior\ContentReplaceBehavior [ RunTime:0.000062s ]
INFO: [ template_filter ] --END-- [ RunTime:0.000106s ]
NOTIC: [8] Undefined variable: count E:\myphp_www\PHPTutorial\WWW\myoA\Application\Runtime\Cache\Admin\f9f03a5bf1fbdbda752dba6d64925151.php 第 68 行.
INFO: Run Behavior\ParseTemplateBehavior [ RunTime:0.007270s ]
INFO: [ view_parse ] --END-- [ RunTime:0.007309s ]
INFO: [ view_filter ] --START--
INFO: Run Behavior\WriteHtmlCacheBehavior [ RunTime:0.000293s ]
INFO: [ view_filter ] --END-- [ RunTime:0.000322s ]
INFO: [ app_end ] --START--
INFO: Run Behavior\ShowPageTraceBehavior [ RunTime:0.000494s ]
INFO: [ app_end ] --END-- [ RunTime:0.000539s ]

[ 2019-01-31T18:38:37+08:00 ] ::1 /myoA/index.php/Admin/User/showList/p/1.html
INFO: [ app_init ] --START--
INFO: Run Behavior\BuildLiteBehavior [ RunTime:0.000013s ]
INFO: [ app_init ] --END-- [ RunTime:0.000410s ]
INFO: [ app_begin ] --START--
INFO: Run Behavior\ReadHtmlCacheBehavior [ RunTime:0.000460s ]
INFO: [ app_begin ] --END-- [ RunTime:0.000505s ]
SQL: SHOW COLUMNS FROM `sp_user` [ RunTime:0.0146s ]
SQL: SELECT COUNT(*) AS tp_count FROM `sp_user` LIMIT 1   [ RunTime:0.0005s ]
NOTIC: [8] Undefined property: Think\Page::$lastRow E:\myphp_www\PHPTutorial\WWW\myoA\Application\Admin\Controller\UserController.class.php 第 68 行.
SQL: SELECT * FROM `sp_user`  [ RunTime:0.0012s ]
INFO: [ view_parse ] --START--
INFO: [ template_filter ] --START--
INFO: Run Behavior\ContentReplaceBehavior [ RunTime:0.000057s ]
INFO: [ template_filter ] --END-- [ RunTime:0.000097s ]
NOTIC: [8] Undefined variable: count E:\myphp_www\PHPTutorial\WWW\myoA\Application\Runtime\Cache\Admin\f9f03a5bf1fbdbda752dba6d64925151.php 第 68 行.
INFO: Run Behavior\ParseTemplateBehavior [ RunTime:0.007608s ]
INFO: [ view_parse ] --END-- [ RunTime:0.007651s ]
INFO: [ view_filter ] --START--
INFO: Run Behavior\WriteHtmlCacheBehavior [ RunTime:0.000282s ]
INFO: [ view_filter ] --END-- [ RunTime:0.000311s ]
INFO: [ app_end ] --START--
INFO: Run Behavior\ShowPageTraceBehavior [ RunTime:0.000427s ]
INFO: [ app_end ] --END-- [ RunTime:0.000471s ]

[ 2019-01-31T18:38:39+08:00 ] ::1 /myoA/index.php/Admin/User/showList/p/2.html
INFO: [ app_init ] --START--
INFO: Run Behavior\BuildLiteBehavior [ RunTime:0.000012s ]
INFO: [ app_init ] --END-- [ RunTime:0.000378s ]
INFO: [ app_begin ] --START--
INFO: Run Behavior\ReadHtmlCacheBehavior [ RunTime:0.000419s ]
INFO: [ app_begin ] --END-- [ RunTime:0.000471s ]
SQL: SHOW COLUMNS FROM `sp_user` [ RunTime:0.0166s ]
SQL: SELECT COUNT(*) AS tp_count FROM `sp_user` LIMIT 1   [ RunTime:0.0006s ]
NOTIC: [8] Undefined property: Think\Page::$lastRow E:\myphp_www\PHPTutorial\WWW\myoA\Application\Admin\Controller\UserController.class.php 第 68 行.
SQL: SELECT * FROM `sp_user` LIMIT 1   [ RunTime:0.0007s ]
INFO: [ view_parse ] --START--
INFO: [ template_filter ] --START--
INFO: Run Behavior\ContentReplaceBehavior [ RunTime:0.000098s ]
INFO: [ template_filter ] --END-- [ RunTime:0.000172s ]
NOTIC: [8] Undefined variable: count E:\myphp_www\PHPTutorial\WWW\myoA\Application\Runtime\Cache\Admin\f9f03a5bf1fbdbda752dba6d64925151.php 第 68 行.
INFO: Run Behavior\ParseTemplateBehavior [ RunTime:0.010645s ]
INFO: [ view_parse ] --END-- [ RunTime:0.010700s ]
INFO: [ view_filter ] --START--
INFO: Run Behavior\WriteHtmlCacheBehavior [ RunTime:0.000308s ]
INFO: [ view_filter ] --END-- [ RunTime:0.000341s ]
INFO: [ app_end ] --START--
INFO: Run Behavior\ShowPageTraceBehavior [ RunTime:0.000475s ]
INFO: [ app_end ] --END-- [ RunTime:0.000513s ]

[ 2019-01-31T18:38:41+08:00 ] ::1 /myoA/index.php/Admin/User/showList/p/3.html
INFO: [ app_init ] --START--
INFO: Run Behavior\BuildLiteBehavior [ RunTime:0.000023s ]
INFO: [ app_init ] --END-- [ RunTime:0.000386s ]
INFO: [ app_begin ] --START--
INFO: Run Behavior\ReadHtmlCacheBehavior [ RunTime:0.000444s ]
INFO: [ app_begin ] --END-- [ RunTime:0.000494s ]
SQL: SHOW COLUMNS FROM `sp_user` [ RunTime:0.0167s ]
SQL: SELECT COUNT(*) AS tp_count FROM `sp_user` LIMIT 1   [ RunTime:0.0007s ]
NOTIC: [8] Undefined property: Think\Page::$lastRow E:\myphp_www\PHPTutorial\WWW\myoA\Application\Admin\Controller\UserController.class.php 第 68 行.
SQL: SELECT * FROM `sp_user` LIMIT 2   [ RunTime:0.0009s ]
INFO: [ view_parse ] --START--
INFO: [ template_filter ] --START--
INFO: Run Behavior\ContentReplaceBehavior [ RunTime:0.000070s ]
INFO: [ template_filter ] --END-- [ RunTime:0.000125s ]
NOTIC: [8] Undefined variable: count E:\myphp_www\PHPTutorial\WWW\myoA\Application\Runtime\Cache\Admin\f9f03a5bf1fbdbda752dba6d64925151.php 第 68 行.
INFO: Run Behavior\ParseTemplateBehavior [ RunTime:0.009072s ]
INFO: [ view_parse ] --END-- [ RunTime:0.009118s ]
INFO: [ view_filter ] --START--
INFO: Run Behavior\WriteHtmlCacheBehavior [ RunTime:0.000310s ]
INFO: [ view_filter ] --END-- [ RunTime:0.000342s ]
INFO: [ app_end ] --START--
INFO: Run Behavior\ShowPageTraceBehavior [ RunTime:0.000707s ]
INFO: [ app_end ] --END-- [ RunTime:0.000764s ]

[ 2019-01-31T18:38:44+08:00 ] ::1 /myoA/index.php/Admin/User/showList/p/2.html
INFO: [ app_init ] --START--
INFO: Run Behavior\BuildLiteBehavior [ RunTime:0.000012s ]
INFO: [ app_init ] --END-- [ RunTime:0.000412s ]
INFO: [ app_begin ] --START--
INFO: Run Behavior\ReadHtmlCacheBehavior [ RunTime:0.000620s ]
INFO: [ app_begin ] --END-- [ RunTime:0.000673s ]
SQL: SHOW COLUMNS FROM `sp_user` [ RunTime:0.0144s ]
SQL: SELECT COUNT(*) AS tp_count FROM `sp_user` LIMIT 1   [ RunTime:0.0004s ]
NOTIC: [8] Undefined property: Think\Page::$lastRow E:\myphp_www\PHPTutorial\WWW\myoA\Application\Admin\Controller\UserController.class.php 第 68 行.
SQL: SELECT * FROM `sp_user` LIMIT 1   [ RunTime:0.0005s ]
INFO: [ view_parse ] --START--
INFO: [ template_filter ] --START--
INFO: Run Behavior\ContentReplaceBehavior [ RunTime:0.000057s ]
INFO: [ template_filter ] --END-- [ RunTime:0.000096s ]
NOTIC: [8] Undefined variable: count E:\myphp_www\PHPTutorial\WWW\myoA\Application\Runtime\Cache\Admin\f9f03a5bf1fbdbda752dba6d64925151.php 第 68 行.
INFO: Run Behavior\ParseTemplateBehavior [ RunTime:0.007035s ]
INFO: [ view_parse ] --END-- [ RunTime:0.007073s ]
INFO: [ view_filter ] --START--
INFO: Run Behavior\WriteHtmlCacheBehavior [ RunTime:0.000304s ]
INFO: [ view_filter ] --END-- [ RunTime:0.000345s ]
INFO: [ app_end ] --START--
INFO: Run Behavior\ShowPageTraceBehavior [ RunTime:0.000429s ]
INFO: [ app_end ] --END-- [ RunTime:0.000473s ]

[ 2019-01-31T18:47:45+08:00 ] ::1 /myoA/index.php/Admin/User/edit
INFO: [ app_init ] --START--
INFO: Run Behavior\BuildLiteBehavior [ RunTime:0.000029s ]
INFO: [ app_init ] --END-- [ RunTime:0.000703s ]
INFO: [ app_begin ] --START--
INFO: Run Behavior\ReadHtmlCacheBehavior [ RunTime:0.000472s ]
INFO: [ app_begin ] --END-- [ RunTime:0.000515s ]
SQL: SHOW COLUMNS FROM `sp_user` [ RunTime:0.0163s ]
SQL: SELECT * FROM `sp_user` WHERE `id` = 0 LIMIT 1   [ RunTime:0.0007s ]
NOTIC: [8] Use of undefined constant id - assumed 'id' E:\myphp_www\PHPTutorial\WWW\myoA\Application\Admin\Controller\UserController.class.php 第 85 行.
NOTIC: [2] Invalid argument supplied for foreach() E:\myphp_www\PHPTutorial\WWW\myoA\ThinkPHP\Library\Think\Db\Driver.class.php 第 504 行.
SQL: SELECT * FROM `sp_user`  [ RunTime:0.0006s ]
INFO: [ view_parse ] --START--
INFO: [ template_filter ] --START--
INFO: Run Behavior\ContentReplaceBehavior [ RunTime:0.000092s ]
INFO: [ template_filter ] --END-- [ RunTime:0.000138s ]
NOTIC: [8] Undefined index: name E:\myphp_www\PHPTutorial\WWW\myoA\Application\Runtime\Cache\Admin\c5c8f88f4330c605468367c8bb60454a.php 第 48 行.
NOTIC: [8] Undefined index: name E:\myphp_www\PHPTutorial\WWW\myoA\Application\Runtime\Cache\Admin\c5c8f88f4330c605468367c8bb60454a.php 第 48 行.
NOTIC: [8] Undefined index: name E:\myphp_www\PHPTutorial\WWW\myoA\Application\Runtime\Cache\Admin\c5c8f88f4330c605468367c8bb60454a.php 第 48 行.
INFO: Run Behavior\ParseTemplateBehavior [ RunTime:0.014826s ]
INFO: [ view_parse ] --END-- [ RunTime:0.014865s ]
INFO: [ view_filter ] --START--
INFO: Run Behavior\WriteHtmlCacheBehavior [ RunTime:0.000319s ]
INFO: [ view_filter ] --END-- [ RunTime:0.000350s ]
INFO: [ app_end ] --START--
INFO: Run Behavior\ShowPageTraceBehavior [ RunTime:0.000523s ]
INFO: [ app_end ] --END-- [ RunTime:0.000571s ]

[ 2019-01-31T18:50:00+08:00 ] ::1 /myoA/index.php/Admin/User/edit
INFO: [ app_init ] --START--
INFO: Run Behavior\BuildLiteBehavior [ RunTime:0.000024s ]
INFO: [ app_init ] --END-- [ RunTime:0.000653s ]
INFO: [ app_begin ] --START--
INFO: Run Behavior\ReadHtmlCacheBehavior [ RunTime:0.000494s ]
INFO: [ app_begin ] --END-- [ RunTime:0.000541s ]
SQL: SHOW COLUMNS FROM `sp_user` [ RunTime:0.0936s ]
SQL: SELECT * FROM `sp_user` WHERE `id` = 0 LIMIT 1   [ RunTime:0.0009s ]
NOTIC: [8] Use of undefined constant id - assumed 'id' E:\myphp_www\PHPTutorial\WWW\myoA\Application\Admin\Controller\UserController.class.php 第 85 行.
NOTIC: [2] Invalid argument supplied for foreach() E:\myphp_www\PHPTutorial\WWW\myoA\ThinkPHP\Library\Think\Db\Driver.class.php 第 504 行.
SQL: SELECT * FROM `sp_user`  [ RunTime:0.0008s ]
INFO: [ view_parse ] --START--
INFO: [ template_filter ] --START--
INFO: Run Behavior\ContentReplaceBehavior [ RunTime:0.000053s ]
INFO: [ template_filter ] --END-- [ RunTime:0.000093s ]
NOTIC: [8] Undefined index: name E:\myphp_www\PHPTutorial\WWW\myoA\Application\Runtime\Cache\Admin\c5c8f88f4330c605468367c8bb60454a.php 第 48 行.
NOTIC: [8] Undefined index: name E:\myphp_www\PHPTutorial\WWW\myoA\Application\Runtime\Cache\Admin\c5c8f88f4330c605468367c8bb60454a.php 第 48 行.
NOTIC: [8] Undefined index: name E:\myphp_www\PHPTutorial\WWW\myoA\Application\Runtime\Cache\Admin\c5c8f88f4330c605468367c8bb60454a.php 第 48 行.
INFO: Run Behavior\ParseTemplateBehavior [ RunTime:0.007410s ]
INFO: [ view_parse ] --END-- [ RunTime:0.007454s ]
INFO: [ view_filter ] --START--
INFO: Run Behavior\WriteHtmlCacheBehavior [ RunTime:0.000344s ]
INFO: [ view_filter ] --END-- [ RunTime:0.000386s ]
INFO: [ app_end ] --START--
INFO: Run Behavior\ShowPageTraceBehavior [ RunTime:0.000465s ]
INFO: [ app_end ] --END-- [ RunTime:0.000496s ]

[ 2019-01-31T18:51:02+08:00 ] ::1 /myoA/index.php/Admin/User/showList
INFO: [ app_init ] --START--
INFO: Run Behavior\BuildLiteBehavior [ RunTime:0.000014s ]
INFO: [ app_init ] --END-- [ RunTime:0.000434s ]
INFO: [ app_begin ] --START--
INFO: Run Behavior\ReadHtmlCacheBehavior [ RunTime:0.000654s ]
INFO: [ app_begin ] --END-- [ RunTime:0.000711s ]
SQL: SHOW COLUMNS FROM `sp_user` [ RunTime:0.0614s ]
SQL: SELECT COUNT(*) AS tp_count FROM `sp_user` LIMIT 1   [ RunTime:0.0005s ]
NOTIC: [8] Undefined property: Think\Page::$lastRow E:\myphp_www\PHPTutorial\WWW\myoA\Application\Admin\Controller\UserController.class.php 第 68 行.
SQL: SELECT * FROM `sp_user`  [ RunTime:0.0006s ]
INFO: [ view_parse ] --START--
INFO: [ template_filter ] --START--
INFO: Run Behavior\ContentReplaceBehavior [ RunTime:0.000098s ]
INFO: [ template_filter ] --END-- [ RunTime:0.000174s ]
NOTIC: [8] Undefined variable: count E:\myphp_www\PHPTutorial\WWW\myoA\Application\Runtime\Cache\Admin\f9f03a5bf1fbdbda752dba6d64925151.php 第 68 行.
INFO: Run Behavior\ParseTemplateBehavior [ RunTime:0.007902s ]
INFO: [ view_parse ] --END-- [ RunTime:0.007946s ]
INFO: [ view_filter ] --START--
INFO: Run Behavior\WriteHtmlCacheBehavior [ RunTime:0.000259s ]
INFO: [ view_filter ] --END-- [ RunTime:0.000288s ]
INFO: [ app_end ] --START--
INFO: Run Behavior\ShowPageTraceBehavior [ RunTime:0.000553s ]
INFO: [ app_end ] --END-- [ RunTime:0.000618s ]

[ 2019-01-31T18:51:05+08:00 ] ::1 /myoA/index.php/Admin/User/edit/id/5
INFO: [ app_init ] --START--
INFO: Run Behavior\BuildLiteBehavior [ RunTime:0.000016s ]
INFO: [ app_init ] --END-- [ RunTime:0.000527s ]
INFO: [ app_begin ] --START--
INFO: Run Behavior\ReadHtmlCacheBehavior [ RunTime:0.000477s ]
INFO: [ app_begin ] --END-- [ RunTime:0.000522s ]
SQL: SHOW COLUMNS FROM `sp_user` [ RunTime:0.0634s ]
SQL: SELECT * FROM `sp_user` WHERE `id` = 5 LIMIT 1   [ RunTime:0.0009s ]
NOTIC: [8] Use of undefined constant id - assumed 'id' E:\myphp_www\PHPTutorial\WWW\myoA\Application\Admin\Controller\UserController.class.php 第 85 行.
NOTIC: [2] Invalid argument supplied for foreach() E:\myphp_www\PHPTutorial\WWW\myoA\ThinkPHP\Library\Think\Db\Driver.class.php 第 504 行.
SQL: SELECT * FROM `sp_user`  [ RunTime:0.0007s ]
INFO: [ view_parse ] --START--
INFO: [ template_filter ] --START--
INFO: Run Behavior\ContentReplaceBehavior [ RunTime:0.000054s ]
INFO: [ template_filter ] --END-- [ RunTime:0.000097s ]
NOTIC: [8] Undefined index: pid E:\myphp_www\PHPTutorial\WWW\myoA\Application\Runtime\Cache\Admin\c5c8f88f4330c605468367c8bb60454a.php 第 48 行.
NOTIC: [8] Undefined index: name E:\myphp_www\PHPTutorial\WWW\myoA\Application\Runtime\Cache\Admin\c5c8f88f4330c605468367c8bb60454a.php 第 48 行.
NOTIC: [8] Undefined index: pid E:\myphp_www\PHPTutorial\WWW\myoA\Application\Runtime\Cache\Admin\c5c8f88f4330c605468367c8bb60454a.php 第 48 行.
NOTIC: [8] Undefined index: name E:\myphp_www\PHPTutorial\WWW\myoA\Application\Runtime\Cache\Admin\c5c8f88f4330c605468367c8bb60454a.php 第 48 行.
NOTIC: [8] Undefined index: pid E:\myphp_www\PHPTutorial\WWW\myoA\Application\Runtime\Cache\Admin\c5c8f88f4330c605468367c8bb60454a.php 第 48 行.
NOTIC: [8] Undefined index: name E:\myphp_www\PHPTutorial\WWW\myoA\Application\Runtime\Cache\Admin\c5c8f88f4330c605468367c8bb60454a.php 第 48 行.
INFO: Run Behavior\ParseTemplateBehavior [ RunTime:0.007374s ]
INFO: [ view_parse ] --END-- [ RunTime:0.007439s ]
INFO: [ view_filter ] --START--
INFO: Run Behavior\WriteHtmlCacheBehavior [ RunTime:0.000260s ]
INFO: [ view_filter ] --END-- [ RunTime:0.000287s ]
INFO: [ app_end ] --START--
INFO: Run Behavior\ShowPageTraceBehavior [ RunTime:0.000502s ]
INFO: [ app_end ] --END-- [ RunTime:0.000545s ]

[ 2019-01-31T19:04:56+08:00 ] ::1 /myoA/index.php/Admin/User/edit/id/5
INFO: [ app_init ] --START--
INFO: Run Behavior\BuildLiteBehavior [ RunTime:0.000015s ]
INFO: [ app_init ] --END-- [ RunTime:0.000631s ]
INFO: [ app_begin ] --START--
INFO: Run Behavior\ReadHtmlCacheBehavior [ RunTime:0.000506s ]
INFO: [ app_begin ] --END-- [ RunTime:0.000551s ]
SQL: SHOW COLUMNS FROM `sp_user` [ RunTime:0.1748s ]
SQL: SELECT * FROM `sp_user` WHERE `id` = 5 LIMIT 1   [ RunTime:0.0007s ]
NOTIC: [8] Use of undefined constant id - assumed 'id' E:\myphp_www\PHPTutorial\WWW\myoA\Application\Admin\Controller\UserController.class.php 第 85 行.
NOTIC: [2] Invalid argument supplied for foreach() E:\myphp_www\PHPTutorial\WWW\myoA\ThinkPHP\Library\Think\Db\Driver.class.php 第 504 行.
SQL: SELECT * FROM `sp_user`  [ RunTime:0.0006s ]
INFO: [ view_parse ] --START--
INFO: [ template_filter ] --START--
INFO: Run Behavior\ContentReplaceBehavior [ RunTime:0.000060s ]
INFO: [ template_filter ] --END-- [ RunTime:0.000103s ]

[ 2019-01-31T19:06:22+08:00 ] ::1 /myoA/index.php/Admin/User/edit/id/5
INFO: [ app_init ] --START--
INFO: Run Behavior\BuildLiteBehavior [ RunTime:0.000022s ]
INFO: [ app_init ] --END-- [ RunTime:0.000382s ]
INFO: [ app_begin ] --START--
INFO: Run Behavior\ReadHtmlCacheBehavior [ RunTime:0.000430s ]
INFO: [ app_begin ] --END-- [ RunTime:0.000468s ]
SQL: SHOW COLUMNS FROM `sp_user` [ RunTime:0.0621s ]
SQL: SELECT * FROM `sp_user` WHERE `id` = 5 LIMIT 1   [ RunTime:0.0008s ]
NOTIC: [8] Use of undefined constant id - assumed 'id' E:\myphp_www\PHPTutorial\WWW\myoA\Application\Admin\Controller\UserController.class.php 第 85 行.
NOTIC: [2] Invalid argument supplied for foreach() E:\myphp_www\PHPTutorial\WWW\myoA\ThinkPHP\Library\Think\Db\Driver.class.php 第 504 行.
SQL: SELECT * FROM `sp_user`  [ RunTime:0.0006s ]
INFO: [ view_parse ] --START--
INFO: [ template_filter ] --START--
INFO: Run Behavior\ContentReplaceBehavior [ RunTime:0.000051s ]
INFO: [ template_filter ] --END-- [ RunTime:0.000093s ]

[ 2019-01-31T19:06:25+08:00 ] ::1 /myoA/index.php/Admin/User/edit/id/5
INFO: [ app_init ] --START--
INFO: Run Behavior\BuildLiteBehavior [ RunTime:0.000106s ]
INFO: [ app_init ] --END-- [ RunTime:0.001699s ]
INFO: [ app_begin ] --START--
INFO: Run Behavior\ReadHtmlCacheBehavior [ RunTime:0.000527s ]
INFO: [ app_begin ] --END-- [ RunTime:0.000579s ]
SQL: SHOW COLUMNS FROM `sp_user` [ RunTime:0.0667s ]
SQL: SELECT * FROM `sp_user` WHERE `id` = 5 LIMIT 1   [ RunTime:0.0007s ]
NOTIC: [8] Use of undefined constant id - assumed 'id' E:\myphp_www\PHPTutorial\WWW\myoA\Application\Admin\Controller\UserController.class.php 第 85 行.
NOTIC: [2] Invalid argument supplied for foreach() E:\myphp_www\PHPTutorial\WWW\myoA\ThinkPHP\Library\Think\Db\Driver.class.php 第 504 行.
SQL: SELECT * FROM `sp_user`  [ RunTime:0.0005s ]
INFO: [ view_parse ] --START--
INFO: [ template_filter ] --START--
INFO: Run Behavior\ContentReplaceBehavior [ RunTime:0.000064s ]
INFO: [ template_filter ] --END-- [ RunTime:0.000124s ]

[ 2019-01-31T19:13:49+08:00 ] ::1 /myoA/index.php/Admin/User/edit/id/5
INFO: [ app_init ] --START--
INFO: Run Behavior\BuildLiteBehavior [ RunTime:0.000012s ]
INFO: [ app_init ] --END-- [ RunTime:0.000629s ]
INFO: [ app_begin ] --START--
INFO: Run Behavior\ReadHtmlCacheBehavior [ RunTime:0.000729s ]
INFO: [ app_begin ] --END-- [ RunTime:0.000812s ]
SQL: SHOW COLUMNS FROM `sp_user` [ RunTime:0.1026s ]
SQL: SELECT * FROM `sp_user` WHERE `id` = 5 LIMIT 1   [ RunTime:0.0005s ]
NOTIC: [8] Use of undefined constant id - assumed 'id' E:\myphp_www\PHPTutorial\WWW\myoA\Application\Admin\Controller\UserController.class.php 第 85 行.
NOTIC: [2] Invalid argument supplied for foreach() E:\myphp_www\PHPTutorial\WWW\myoA\ThinkPHP\Library\Think\Db\Driver.class.php 第 504 行.
SQL: SELECT * FROM `sp_user`  [ RunTime:0.0004s ]
INFO: [ view_parse ] --START--
INFO: [ template_filter ] --START--
INFO: Run Behavior\ContentReplaceBehavior [ RunTime:0.000063s ]
INFO: [ template_filter ] --END-- [ RunTime:0.000110s ]
NOTIC: [8] Undefined index: pid E:\myphp_www\PHPTutorial\WWW\myoA\Application\Runtime\Cache\Admin\c5c8f88f4330c605468367c8bb60454a.php 第 48 行.
NOTIC: [8] Undefined index: name E:\myphp_www\PHPTutorial\WWW\myoA\Application\Runtime\Cache\Admin\c5c8f88f4330c605468367c8bb60454a.php 第 48 行.
NOTIC: [8] Undefined index: pid E:\myphp_www\PHPTutorial\WWW\myoA\Application\Runtime\Cache\Admin\c5c8f88f4330c605468367c8bb60454a.php 第 48 行.
NOTIC: [8] Undefined index: name E:\myphp_www\PHPTutorial\WWW\myoA\Application\Runtime\Cache\Admin\c5c8f88f4330c605468367c8bb60454a.php 第 48 行.
NOTIC: [8] Undefined index: pid E:\myphp_www\PHPTutorial\WWW\myoA\Application\Runtime\Cache\Admin\c5c8f88f4330c605468367c8bb60454a.php 第 48 行.
NOTIC: [8] Undefined index: name E:\myphp_www\PHPTutorial\WWW\myoA\Application\Runtime\Cache\Admin\c5c8f88f4330c605468367c8bb60454a.php 第 48 行.
INFO: Run Behavior\ParseTemplateBehavior [ RunTime:0.015261s ]
INFO: [ view_parse ] --END-- [ RunTime:0.015309s ]
INFO: [ view_filter ] --START--
INFO: Run Behavior\WriteHtmlCacheBehavior [ RunTime:0.000307s ]
INFO: [ view_filter ] --END-- [ RunTime:0.000338s ]
INFO: [ app_end ] --START--
INFO: Run Behavior\ShowPageTraceBehavior [ RunTime:0.000489s ]
INFO: [ app_end ] --END-- [ RunTime:0.000523s ]

[ 2019-01-31T19:16:28+08:00 ] ::1 /myoA/index.php/Admin/User/edit/id/5
INFO: [ app_init ] --START--
INFO: Run Behavior\BuildLiteBehavior [ RunTime:0.000012s ]
INFO: [ app_init ] --END-- [ RunTime:0.000428s ]
INFO: [ app_begin ] --START--
INFO: Run Behavior\ReadHtmlCacheBehavior [ RunTime:0.000455s ]
INFO: [ app_begin ] --END-- [ RunTime:0.000496s ]
SQL: SHOW COLUMNS FROM `sp_user` [ RunTime:0.0704s ]
SQL: SELECT * FROM `sp_user` WHERE `id` = 5 LIMIT 1   [ RunTime:0.0009s ]
NOTIC: [8] Use of undefined constant id - assumed 'id' E:\myphp_www\PHPTutorial\WWW\myoA\Application\Admin\Controller\UserController.class.php 第 85 行.
NOTIC: [2] Invalid argument supplied for foreach() E:\myphp_www\PHPTutorial\WWW\myoA\ThinkPHP\Library\Think\Db\Driver.class.php 第 504 行.
SQL: SELECT * FROM `sp_user`  [ RunTime:0.0006s ]
INFO: [ view_parse ] --START--
INFO: [ template_filter ] --START--
INFO: Run Behavior\ContentReplaceBehavior [ RunTime:0.000054s ]
INFO: [ template_filter ] --END-- [ RunTime:0.000093s ]
NOTIC: [8] Undefined index: pid E:\myphp_www\PHPTutorial\WWW\myoA\Application\Runtime\Cache\Admin\c5c8f88f4330c605468367c8bb60454a.php 第 48 行.
NOTIC: [8] Undefined index: name E:\myphp_www\PHPTutorial\WWW\myoA\Application\Runtime\Cache\Admin\c5c8f88f4330c605468367c8bb60454a.php 第 48 行.
NOTIC: [8] Undefined index: pid E:\myphp_www\PHPTutorial\WWW\myoA\Application\Runtime\Cache\Admin\c5c8f88f4330c605468367c8bb60454a.php 第 48 行.
NOTIC: [8] Undefined index: name E:\myphp_www\PHPTutorial\WWW\myoA\Application\Runtime\Cache\Admin\c5c8f88f4330c605468367c8bb60454a.php 第 48 行.
NOTIC: [8] Undefined index: pid E:\myphp_www\PHPTutorial\WWW\myoA\Application\Runtime\Cache\Admin\c5c8f88f4330c605468367c8bb60454a.php 第 48 行.
NOTIC: [8] Undefined index: name E:\myphp_www\PHPTutorial\WWW\myoA\Application\Runtime\Cache\Admin\c5c8f88f4330c605468367c8bb60454a.php 第 48 行.
INFO: Run Behavior\ParseTemplateBehavior [ RunTime:0.007956s ]
INFO: [ view_parse ] --END-- [ RunTime:0.008024s ]
INFO: [ view_filter ] --START--
INFO: Run Behavior\WriteHtmlCacheBehavior [ RunTime:0.000344s ]
INFO: [ view_filter ] --END-- [ RunTime:0.000372s ]
INFO: [ app_end ] --START--
INFO: Run Behavior\ShowPageTraceBehavior [ RunTime:0.000456s ]
INFO: [ app_end ] --END-- [ RunTime:0.000489s ]

[ 2019-01-31T19:24:50+08:00 ] ::1 /myoA/index.php/Admin/User/edit/id/5
INFO: [ app_init ] --START--
INFO: Run Behavior\BuildLiteBehavior [ RunTime:0.000013s ]
INFO: [ app_init ] --END-- [ RunTime:0.000470s ]
INFO: [ app_begin ] --START--
INFO: Run Behavior\ReadHtmlCacheBehavior [ RunTime:0.000505s ]
INFO: [ app_begin ] --END-- [ RunTime:0.000551s ]
SQL: SHOW COLUMNS FROM `sp_user` [ RunTime:0.0759s ]
SQL: SELECT * FROM `sp_user` WHERE `id` = 5 LIMIT 1   [ RunTime:0.0006s ]
NOTIC: [8] Use of undefined constant id - assumed 'id' E:\myphp_www\PHPTutorial\WWW\myoA\Application\Admin\Controller\UserController.class.php 第 85 行.
NOTIC: [2] Invalid argument supplied for foreach() E:\myphp_www\PHPTutorial\WWW\myoA\ThinkPHP\Library\Think\Db\Driver.class.php 第 504 行.
SQL: SELECT * FROM `sp_user`  [ RunTime:0.0004s ]
INFO: [ view_parse ] --START--
INFO: [ template_filter ] --START--
INFO: Run Behavior\ContentReplaceBehavior [ RunTime:0.000061s ]
INFO: [ template_filter ] --END-- [ RunTime:0.000117s ]
NOTIC: [8] Undefined index: pid E:\myphp_www\PHPTutorial\WWW\myoA\Application\Runtime\Cache\Admin\c5c8f88f4330c605468367c8bb60454a.php 第 48 行.
NOTIC: [8] Undefined index: name E:\myphp_www\PHPTutorial\WWW\myoA\Application\Runtime\Cache\Admin\c5c8f88f4330c605468367c8bb60454a.php 第 48 行.
NOTIC: [8] Undefined index: pid E:\myphp_www\PHPTutorial\WWW\myoA\Application\Runtime\Cache\Admin\c5c8f88f4330c605468367c8bb60454a.php 第 48 行.
NOTIC: [8] Undefined index: name E:\myphp_www\PHPTutorial\WWW\myoA\Application\Runtime\Cache\Admin\c5c8f88f4330c605468367c8bb60454a.php 第 48 行.
NOTIC: [8] Undefined index: pid E:\myphp_www\PHPTutorial\WWW\myoA\Application\Runtime\Cache\Admin\c5c8f88f4330c605468367c8bb60454a.php 第 48 行.
NOTIC: [8] Undefined index: name E:\myphp_www\PHPTutorial\WWW\myoA\Application\Runtime\Cache\Admin\c5c8f88f4330c605468367c8bb60454a.php 第 48 行.
INFO: Run Behavior\ParseTemplateBehavior [ RunTime:0.015468s ]
INFO: [ view_parse ] --END-- [ RunTime:0.015508s ]
INFO: [ view_filter ] --START--
INFO: Run Behavior\WriteHtmlCacheBehavior [ RunTime:0.000335s ]
INFO: [ view_filter ] --END-- [ RunTime:0.000365s ]
INFO: [ app_end ] --START--
INFO: Run Behavior\ShowPageTraceBehavior [ RunTime:0.000522s ]
INFO: [ app_end ] --END-- [ RunTime:0.000556s ]

[ 2019-01-31T19:24:55+08:00 ] ::1 /myoA/index.php/Admin/User/edit/id/5
INFO: [ app_init ] --START--
INFO: Run Behavior\BuildLiteBehavior [ RunTime:0.000011s ]
INFO: [ app_init ] --END-- [ RunTime:0.000346s ]
INFO: [ app_begin ] --START--
INFO: Run Behavior\ReadHtmlCacheBehavior [ RunTime:0.000484s ]
INFO: [ app_begin ] --END-- [ RunTime:0.000530s ]
SQL: SHOW COLUMNS FROM `sp_user` [ RunTime:0.0257s ]
SQL: SELECT * FROM `sp_user` WHERE `id` = 5 LIMIT 1   [ RunTime:0.0006s ]
NOTIC: [8] Use of undefined constant id - assumed 'id' E:\myphp_www\PHPTutorial\WWW\myoA\Application\Admin\Controller\UserController.class.php 第 85 行.
NOTIC: [2] Invalid argument supplied for foreach() E:\myphp_www\PHPTutorial\WWW\myoA\ThinkPHP\Library\Think\Db\Driver.class.php 第 504 行.
SQL: SELECT * FROM `sp_user`  [ RunTime:0.0004s ]
INFO: [ view_parse ] --START--
INFO: [ template_filter ] --START--
INFO: Run Behavior\ContentReplaceBehavior [ RunTime:0.000052s ]
INFO: [ template_filter ] --END-- [ RunTime:0.000090s ]
NOTIC: [8] Undefined index: pid E:\myphp_www\PHPTutorial\WWW\myoA\Application\Runtime\Cache\Admin\c5c8f88f4330c605468367c8bb60454a.php 第 48 行.
NOTIC: [8] Undefined index: name E:\myphp_www\PHPTutorial\WWW\myoA\Application\Runtime\Cache\Admin\c5c8f88f4330c605468367c8bb60454a.php 第 48 行.
NOTIC: [8] Undefined index: pid E:\myphp_www\PHPTutorial\WWW\myoA\Application\Runtime\Cache\Admin\c5c8f88f4330c605468367c8bb60454a.php 第 48 行.
NOTIC: [8] Undefined index: name E:\myphp_www\PHPTutorial\WWW\myoA\Application\Runtime\Cache\Admin\c5c8f88f4330c605468367c8bb60454a.php 第 48 行.
NOTIC: [8] Undefined index: pid E:\myphp_www\PHPTutorial\WWW\myoA\Application\Runtime\Cache\Admin\c5c8f88f4330c605468367c8bb60454a.php 第 48 行.
NOTIC: [8] Undefined index: name E:\myphp_www\PHPTutorial\WWW\myoA\Application\Runtime\Cache\Admin\c5c8f88f4330c605468367c8bb60454a.php 第 48 行.
INFO: Run Behavior\ParseTemplateBehavior [ RunTime:0.007269s ]
INFO: [ view_parse ] --END-- [ RunTime:0.007309s ]
INFO: [ view_filter ] --START--
INFO: Run Behavior\WriteHtmlCacheBehavior [ RunTime:0.000261s ]
INFO: [ view_filter ] --END-- [ RunTime:0.000291s ]
INFO: [ app_end ] --START--
INFO: Run Behavior\ShowPageTraceBehavior [ RunTime:0.000417s ]
INFO: [ app_end ] --END-- [ RunTime:0.000462s ]

[ 2019-01-31T19:35:14+08:00 ] ::1 /myoA/index.php/Admin/User/edit/id/5
INFO: [ app_init ] --START--
INFO: Run Behavior\BuildLiteBehavior [ RunTime:0.000023s ]
INFO: [ app_init ] --END-- [ RunTime:0.000756s ]
INFO: [ app_begin ] --START--
INFO: Run Behavior\ReadHtmlCacheBehavior [ RunTime:0.000520s ]
INFO: [ app_begin ] --END-- [ RunTime:0.000571s ]
SQL: SHOW COLUMNS FROM `sp_user` [ RunTime:0.0146s ]
SQL: SELECT * FROM `sp_user` WHERE `id` = 5 LIMIT 1   [ RunTime:0.0005s ]
SQL: SHOW COLUMNS FROM `sp_user` [ RunTime:0.0490s ]
SQL: SELECT t1.*,t2.name as deptname FROM sp_user as t1,sp_dept as t2 WHERE ( t1.dept_id = t2.id )  [ RunTime:0.0005s ]
INFO: [ view_parse ] --START--
INFO: [ template_filter ] --START--
INFO: Run Behavior\ContentReplaceBehavior [ RunTime:0.000091s ]
INFO: [ template_filter ] --END-- [ RunTime:0.000166s ]
INFO: Run Behavior\ParseTemplateBehavior [ RunTime:0.014563s ]
INFO: [ view_parse ] --END-- [ RunTime:0.014610s ]
INFO: [ view_filter ] --START--
INFO: Run Behavior\WriteHtmlCacheBehavior [ RunTime:0.000319s ]
INFO: [ view_filter ] --END-- [ RunTime:0.000352s ]
INFO: [ app_end ] --START--
INFO: Run Behavior\ShowPageTraceBehavior [ RunTime:0.000492s ]
INFO: [ app_end ] --END-- [ RunTime:0.000524s ]

[ 2019-01-31T19:36:55+08:00 ] ::1 /myoA/index.php/Admin/User/edit/id/5
INFO: [ app_init ] --START--
INFO: Run Behavior\BuildLiteBehavior [ RunTime:0.000011s ]
INFO: [ app_init ] --END-- [ RunTime:0.000355s ]
INFO: [ app_begin ] --START--
INFO: Run Behavior\ReadHtmlCacheBehavior [ RunTime:0.000400s ]
INFO: [ app_begin ] --END-- [ RunTime:0.000438s ]
SQL: SHOW COLUMNS FROM `sp_user` [ RunTime:0.0470s ]
SQL: SELECT * FROM `sp_user` WHERE `id` = 5 LIMIT 1   [ RunTime:0.0010s ]
SQL: SHOW COLUMNS FROM `sp_user` [ RunTime:0.0141s ]
SQL: SELECT t1.*,t2.name as deptname FROM sp_user as t1,sp_dept as t2 WHERE ( t1.dept_id = t2.id )  [ RunTime:0.0005s ]
INFO: [ view_parse ] --START--
INFO: [ template_filter ] --START--
INFO: Run Behavior\ContentReplaceBehavior [ RunTime:0.000078s ]
INFO: [ template_filter ] --END-- [ RunTime:0.000156s ]
INFO: Run Behavior\ParseTemplateBehavior [ RunTime:0.007673s ]
INFO: [ view_parse ] --END-- [ RunTime:0.007755s ]
INFO: [ view_filter ] --START--
INFO: Run Behavior\WriteHtmlCacheBehavior [ RunTime:0.000258s ]
INFO: [ view_filter ] --END-- [ RunTime:0.000288s ]
INFO: [ app_end ] --START--
INFO: Run Behavior\ShowPageTraceBehavior [ RunTime:0.000654s ]
INFO: [ app_end ] --END-- [ RunTime:0.000694s ]

[ 2019-01-31T19:37:11+08:00 ] ::1 /myoA/index.php/Admin/User/edit
INFO: [ app_init ] --START--
INFO: Run Behavior\BuildLiteBehavior [ RunTime:0.000012s ]
INFO: [ app_init ] --END-- [ RunTime:0.000402s ]
INFO: [ app_begin ] --START--
INFO: Run Behavior\ReadHtmlCacheBehavior [ RunTime:0.000599s ]
INFO: [ app_begin ] --END-- [ RunTime:0.000646s ]
SQL: SHOW COLUMNS FROM `sp_user` [ RunTime:0.0141s ]
SQL: SELECT * FROM `sp_user` WHERE `id` = 0 LIMIT 1   [ RunTime:0.0005s ]
SQL: SHOW COLUMNS FROM `sp_user` [ RunTime:0.0591s ]
SQL: SELECT t1.*,t2.name as deptname FROM sp_user as t1,sp_dept as t2 WHERE ( t1.dept_id = t2.id )  [ RunTime:0.0006s ]
INFO: [ view_parse ] --START--
INFO: [ template_filter ] --START--
INFO: Run Behavior\ContentReplaceBehavior [ RunTime:0.000053s ]
INFO: [ template_filter ] --END-- [ RunTime:0.000090s ]
INFO: Run Behavior\ParseTemplateBehavior [ RunTime:0.006863s ]
INFO: [ view_parse ] --END-- [ RunTime:0.006910s ]
INFO: [ view_filter ] --START--
INFO: Run Behavior\WriteHtmlCacheBehavior [ RunTime:0.000260s ]
INFO: [ view_filter ] --END-- [ RunTime:0.000290s ]
INFO: [ app_end ] --START--
INFO: Run Behavior\ShowPageTraceBehavior [ RunTime:0.000463s ]
INFO: [ app_end ] --END-- [ RunTime:0.000495s ]

[ 2019-01-31T19:38:18+08:00 ] ::1 /myoA/index.php/Admin/User/showList
INFO: [ app_init ] --START--
INFO: Run Behavior\BuildLiteBehavior [ RunTime:0.000018s ]
INFO: [ app_init ] --END-- [ RunTime:0.000646s ]
INFO: [ app_begin ] --START--
INFO: Run Behavior\ReadHtmlCacheBehavior [ RunTime:0.000644s ]
INFO: [ app_begin ] --END-- [ RunTime:0.000710s ]
SQL: SHOW COLUMNS FROM `sp_user` [ RunTime:0.0169s ]
SQL: SELECT COUNT(*) AS tp_count FROM `sp_user` LIMIT 1   [ RunTime:0.0005s ]
NOTIC: [8] Undefined property: Think\Page::$lastRow E:\myphp_www\PHPTutorial\WWW\myoA\Application\Admin\Controller\UserController.class.php 第 68 行.
SQL: SELECT * FROM `sp_user`  [ RunTime:0.0006s ]
INFO: [ view_parse ] --START--
INFO: [ template_filter ] --START--
INFO: Run Behavior\ContentReplaceBehavior [ RunTime:0.000057s ]
INFO: [ template_filter ] --END-- [ RunTime:0.000096s ]
NOTIC: [8] Undefined variable: count E:\myphp_www\PHPTutorial\WWW\myoA\Application\Runtime\Cache\Admin\f9f03a5bf1fbdbda752dba6d64925151.php 第 68 行.
INFO: Run Behavior\ParseTemplateBehavior [ RunTime:0.007644s ]
INFO: [ view_parse ] --END-- [ RunTime:0.007695s ]
INFO: [ view_filter ] --START--
INFO: Run Behavior\WriteHtmlCacheBehavior [ RunTime:0.000315s ]
INFO: [ view_filter ] --END-- [ RunTime:0.000358s ]
INFO: [ app_end ] --START--
INFO: Run Behavior\ShowPageTraceBehavior [ RunTime:0.000485s ]
INFO: [ app_end ] --END-- [ RunTime:0.000518s ]

[ 2019-01-31T19:38:21+08:00 ] ::1 /myoA/index.php/Admin/User/edit/id/5
INFO: [ app_init ] --START--
INFO: Run Behavior\BuildLiteBehavior [ RunTime:0.000020s ]
INFO: [ app_init ] --END-- [ RunTime:0.000643s ]
INFO: [ app_begin ] --START--
INFO: Run Behavior\ReadHtmlCacheBehavior [ RunTime:0.000720s ]
INFO: [ app_begin ] --END-- [ RunTime:0.000793s ]
SQL: SHOW COLUMNS FROM `sp_user` [ RunTime:0.0391s ]
SQL: SELECT * FROM `sp_user` WHERE `id` = 5 LIMIT 1   [ RunTime:0.0009s ]
SQL: SHOW COLUMNS FROM `sp_user` [ RunTime:0.0157s ]
SQL: SELECT t1.*,t2.name as deptname FROM sp_user as t1,sp_dept as t2 WHERE ( t1.dept_id = t2.id )  [ RunTime:0.0008s ]
INFO: [ view_parse ] --START--
INFO: [ template_filter ] --START--
INFO: Run Behavior\ContentReplaceBehavior [ RunTime:0.000054s ]
INFO: [ template_filter ] --END-- [ RunTime:0.000096s ]
INFO: Run Behavior\ParseTemplateBehavior [ RunTime:0.031449s ]
INFO: [ view_parse ] --END-- [ RunTime:0.031500s ]
INFO: [ view_filter ] --START--
INFO: Run Behavior\WriteHtmlCacheBehavior [ RunTime:0.000338s ]
INFO: [ view_filter ] --END-- [ RunTime:0.000378s ]
INFO: [ app_end ] --START--
INFO: Run Behavior\ShowPageTraceBehavior [ RunTime:0.000448s ]
INFO: [ app_end ] --END-- [ RunTime:0.000480s ]

[ 2019-01-31T19:38:39+08:00 ] ::1 /myoA/index.php/Admin/User/add
INFO: [ app_init ] --START--
INFO: Run Behavior\BuildLiteBehavior [ RunTime:0.000024s ]
INFO: [ app_init ] --END-- [ RunTime:0.000744s ]
INFO: [ app_begin ] --START--
INFO: Run Behavior\ReadHtmlCacheBehavior [ RunTime:0.000864s ]
INFO: [ app_begin ] --END-- [ RunTime:0.000960s ]
SQL: SHOW COLUMNS FROM `sp_dept` [ RunTime:0.0158s ]
SQL: SELECT * FROM `sp_dept`  [ RunTime:0.0010s ]
INFO: [ view_parse ] --START--
INFO: [ template_filter ] --START--
INFO: Run Behavior\ContentReplaceBehavior [ RunTime:0.000064s ]
INFO: [ template_filter ] --END-- [ RunTime:0.000129s ]
INFO: Run Behavior\ParseTemplateBehavior [ RunTime:0.009362s ]
INFO: [ view_parse ] --END-- [ RunTime:0.009417s ]
INFO: [ view_filter ] --START--
INFO: Run Behavior\WriteHtmlCacheBehavior [ RunTime:0.000303s ]
INFO: [ view_filter ] --END-- [ RunTime:0.000339s ]
INFO: [ app_end ] --START--
INFO: Run Behavior\ShowPageTraceBehavior [ RunTime:0.000509s ]
INFO: [ app_end ] --END-- [ RunTime:0.000559s ]

[ 2019-01-31T19:39:54+08:00 ] ::1 /myoA/index.php/Admin/User/showList
INFO: [ app_init ] --START--
INFO: Run Behavior\BuildLiteBehavior [ RunTime:0.000021s ]
INFO: [ app_init ] --END-- [ RunTime:0.000654s ]
INFO: [ app_begin ] --START--
INFO: Run Behavior\ReadHtmlCacheBehavior [ RunTime:0.000586s ]
INFO: [ app_begin ] --END-- [ RunTime:0.000658s ]
SQL: SHOW COLUMNS FROM `sp_user` [ RunTime:0.0138s ]
SQL: SELECT COUNT(*) AS tp_count FROM `sp_user` LIMIT 1   [ RunTime:0.0004s ]
NOTIC: [8] Undefined property: Think\Page::$lastRow E:\myphp_www\PHPTutorial\WWW\myoA\Application\Admin\Controller\UserController.class.php 第 68 行.
SQL: SELECT * FROM `sp_user`  [ RunTime:0.0006s ]
INFO: [ view_parse ] --START--
INFO: [ template_filter ] --START--
INFO: Run Behavior\ContentReplaceBehavior [ RunTime:0.000060s ]
INFO: [ template_filter ] --END-- [ RunTime:0.000101s ]
NOTIC: [8] Undefined variable: count E:\myphp_www\PHPTutorial\WWW\myoA\Application\Runtime\Cache\Admin\f9f03a5bf1fbdbda752dba6d64925151.php 第 68 行.
INFO: Run Behavior\ParseTemplateBehavior [ RunTime:0.007469s ]
INFO: [ view_parse ] --END-- [ RunTime:0.007523s ]
INFO: [ view_filter ] --START--
INFO: Run Behavior\WriteHtmlCacheBehavior [ RunTime:0.000260s ]
INFO: [ view_filter ] --END-- [ RunTime:0.000290s ]
INFO: [ app_end ] --START--
INFO: Run Behavior\ShowPageTraceBehavior [ RunTime:0.000439s ]
INFO: [ app_end ] --END-- [ RunTime:0.000473s ]

[ 2019-01-31T19:39:57+08:00 ] ::1 /myoA/index.php/Admin/User/edit/id/5
INFO: [ app_init ] --START--
INFO: Run Behavior\BuildLiteBehavior [ RunTime:0.000014s ]
INFO: [ app_init ] --END-- [ RunTime:0.000458s ]
INFO: [ app_begin ] --START--
INFO: Run Behavior\ReadHtmlCacheBehavior [ RunTime:0.000708s ]
INFO: [ app_begin ] --END-- [ RunTime:0.000782s ]
SQL: SHOW COLUMNS FROM `sp_user` [ RunTime:0.0151s ]
SQL: SELECT * FROM `sp_user` WHERE `id` = 5 LIMIT 1   [ RunTime:0.0006s ]
SQL: SHOW COLUMNS FROM `sp_user` [ RunTime:0.0145s ]
SQL: SELECT t1.*,t2.name as deptname FROM sp_user as t1,sp_dept as t2 WHERE ( t1.dept_id = t2.id )  [ RunTime:0.0006s ]
INFO: [ view_parse ] --START--
INFO: [ template_filter ] --START--
INFO: Run Behavior\ContentReplaceBehavior [ RunTime:0.000051s ]
INFO: [ template_filter ] --END-- [ RunTime:0.000090s ]
INFO: Run Behavior\ParseTemplateBehavior [ RunTime:0.006831s ]
INFO: [ view_parse ] --END-- [ RunTime:0.006873s ]
INFO: [ view_filter ] --START--
INFO: Run Behavior\WriteHtmlCacheBehavior [ RunTime:0.000268s ]
INFO: [ view_filter ] --END-- [ RunTime:0.000298s ]
INFO: [ app_end ] --START--
INFO: Run Behavior\ShowPageTraceBehavior [ RunTime:0.000425s ]
INFO: [ app_end ] --END-- [ RunTime:0.000469s ]

[ 2019-01-31T19:41:26+08:00 ] ::1 /myoA/index.php/Admin/User/edit/id/5
INFO: [ app_init ] --START--
INFO: Run Behavior\BuildLiteBehavior [ RunTime:0.000012s ]
INFO: [ app_init ] --END-- [ RunTime:0.000405s ]
INFO: [ app_begin ] --START--
INFO: Run Behavior\ReadHtmlCacheBehavior [ RunTime:0.000481s ]
INFO: [ app_begin ] --END-- [ RunTime:0.000521s ]
SQL: SHOW COLUMNS FROM `sp_user` [ RunTime:0.0145s ]
SQL: SELECT * FROM `sp_user` WHERE `id` = 5 LIMIT 1   [ RunTime:0.0009s ]
SQL: SHOW COLUMNS FROM `sp_user` [ RunTime:0.0143s ]
SQL: SELECT t1.*,t2.name as deptname FROM sp_user as t1,sp_dept as t2 WHERE ( t1.dept_id = t2.id )  [ RunTime:0.0008s ]
INFO: [ view_parse ] --START--
INFO: [ template_filter ] --START--
INFO: Run Behavior\ContentReplaceBehavior [ RunTime:0.000054s ]
INFO: [ template_filter ] --END-- [ RunTime:0.000097s ]
INFO: Run Behavior\ParseTemplateBehavior [ RunTime:0.007442s ]
INFO: [ view_parse ] --END-- [ RunTime:0.007489s ]
INFO: [ view_filter ] --START--
INFO: Run Behavior\WriteHtmlCacheBehavior [ RunTime:0.000319s ]
INFO: [ view_filter ] --END-- [ RunTime:0.000360s ]
INFO: [ app_end ] --START--
INFO: Run Behavior\ShowPageTraceBehavior [ RunTime:0.000481s ]
INFO: [ app_end ] --END-- [ RunTime:0.000525s ]

[ 2019-01-31T19:47:41+08:00 ] ::1 /myoA/index.php/Admin/User/showList
INFO: [ app_init ] --START--
INFO: Run Behavior\BuildLiteBehavior [ RunTime:0.000020s ]
INFO: [ app_init ] --END-- [ RunTime:0.000693s ]
INFO: [ app_begin ] --START--
INFO: Run Behavior\ReadHtmlCacheBehavior [ RunTime:0.000564s ]
INFO: [ app_begin ] --END-- [ RunTime:0.000607s ]

[ 2019-01-31T19:50:37+08:00 ] ::1 /myoA/index.php/Admin/User/showList
INFO: [ app_init ] --START--
INFO: Run Behavior\BuildLiteBehavior [ RunTime:0.000020s ]
INFO: [ app_init ] --END-- [ RunTime:0.000706s ]
INFO: [ app_begin ] --START--
INFO: Run Behavior\ReadHtmlCacheBehavior [ RunTime:0.000761s ]
INFO: [ app_begin ] --END-- [ RunTime:0.000834s ]

[ 2019-01-31T19:50:40+08:00 ] ::1 /myoA/index.php/Admin/User/showList
INFO: [ app_init ] --START--
INFO: Run Behavior\BuildLiteBehavior [ RunTime:0.000013s ]
INFO: [ app_init ] --END-- [ RunTime:0.000435s ]
INFO: [ app_begin ] --START--
INFO: Run Behavior\ReadHtmlCacheBehavior [ RunTime:0.000642s ]
INFO: [ app_begin ] --END-- [ RunTime:0.000705s ]

[ 2019-01-31T19:52:04+08:00 ] ::1 /myoA/index.php/Admin/User/showList
INFO: [ app_init ] --START--
INFO: Run Behavior\BuildLiteBehavior [ RunTime:0.000014s ]
INFO: [ app_init ] --END-- [ RunTime:0.000458s ]
INFO: [ app_begin ] --START--
INFO: Run Behavior\ReadHtmlCacheBehavior [ RunTime:0.000579s ]
INFO: [ app_begin ] --END-- [ RunTime:0.000646s ]

[ 2019-01-31T19:52:23+08:00 ] ::1 /myoA/index.php/Admin/User/add
INFO: [ app_init ] --START--
INFO: Run Behavior\BuildLiteBehavior [ RunTime:0.000018s ]
INFO: [ app_init ] --END-- [ RunTime:0.000545s ]
INFO: [ app_begin ] --START--
INFO: Run Behavior\ReadHtmlCacheBehavior [ RunTime:0.001426s ]
INFO: [ app_begin ] --END-- [ RunTime:0.001634s ]

[ 2019-01-31T19:52:34+08:00 ] ::1 /myoA/index.php/Admin/User/edit
INFO: [ app_init ] --START--
INFO: Run Behavior\BuildLiteBehavior [ RunTime:0.000021s ]
INFO: [ app_init ] --END-- [ RunTime:0.000670s ]
INFO: [ app_begin ] --START--
INFO: Run Behavior\ReadHtmlCacheBehavior [ RunTime:0.001754s ]
INFO: [ app_begin ] --END-- [ RunTime:0.001913s ]

[ 2019-01-31T19:53:44+08:00 ] ::1 /myoA/index.php/Admin/User/showList
INFO: [ app_init ] --START--
INFO: Run Behavior\BuildLiteBehavior [ RunTime:0.000019s ]
INFO: [ app_init ] --END-- [ RunTime:0.000591s ]
INFO: [ app_begin ] --START--
INFO: Run Behavior\ReadHtmlCacheBehavior [ RunTime:0.000642s ]
INFO: [ app_begin ] --END-- [ RunTime:0.000702s ]
SQL: SHOW COLUMNS FROM `sp_user` [ RunTime:0.1221s ]
SQL: SELECT COUNT(*) AS tp_count FROM `sp_user` LIMIT 1   [ RunTime:0.0005s ]
NOTIC: [8] Undefined property: Think\Page::$lastRow E:\myphp_www\PHPTutorial\WWW\myoA\Application\Admin\Controller\UserController.class.php 第 68 行.
SQL: SELECT * FROM `sp_user`  [ RunTime:0.0005s ]
INFO: [ view_parse ] --START--
INFO: [ template_filter ] --START--
INFO: Run Behavior\ContentReplaceBehavior [ RunTime:0.000068s ]
INFO: [ template_filter ] --END-- [ RunTime:0.000123s ]
NOTIC: [8] Undefined variable: count E:\myphp_www\PHPTutorial\WWW\myoA\Application\Runtime\Cache\Admin\f9f03a5bf1fbdbda752dba6d64925151.php 第 68 行.
INFO: Run Behavior\ParseTemplateBehavior [ RunTime:0.015110s ]
INFO: [ view_parse ] --END-- [ RunTime:0.015151s ]
INFO: [ view_filter ] --START--
INFO: Run Behavior\WriteHtmlCacheBehavior [ RunTime:0.000315s ]
INFO: [ view_filter ] --END-- [ RunTime:0.000346s ]
INFO: [ app_end ] --START--
INFO: Run Behavior\ShowPageTraceBehavior [ RunTime:0.000502s ]
INFO: [ app_end ] --END-- [ RunTime:0.000535s ]

[ 2019-01-31T19:53:51+08:00 ] ::1 /myoA/index.php/Admin/User/edit/id/5
INFO: [ app_init ] --START--
INFO: Run Behavior\BuildLiteBehavior [ RunTime:0.000019s ]
INFO: [ app_init ] --END-- [ RunTime:0.000607s ]
INFO: [ app_begin ] --START--
INFO: Run Behavior\ReadHtmlCacheBehavior [ RunTime:0.000522s ]
INFO: [ app_begin ] --END-- [ RunTime:0.000575s ]
SQL: SHOW COLUMNS FROM `sp_user` [ RunTime:0.0678s ]
SQL: SELECT * FROM `sp_user` WHERE `id` = 5 LIMIT 1   [ RunTime:0.0008s ]
SQL: SHOW COLUMNS FROM `sp_user` [ RunTime:0.0594s ]
SQL: SELECT t1.*,t2.name as deptname FROM sp_user as t1,sp_dept as t2 WHERE ( t1.dept_id = t2.id )  [ RunTime:0.0022s ]
INFO: [ view_parse ] --START--
INFO: [ template_filter ] --START--
INFO: Run Behavior\ContentReplaceBehavior [ RunTime:0.000068s ]
INFO: [ template_filter ] --END-- [ RunTime:0.000115s ]
INFO: Run Behavior\ParseTemplateBehavior [ RunTime:0.007730s ]
INFO: [ view_parse ] --END-- [ RunTime:0.007779s ]
INFO: [ view_filter ] --START--
INFO: Run Behavior\WriteHtmlCacheBehavior [ RunTime:0.000265s ]
INFO: [ view_filter ] --END-- [ RunTime:0.000295s ]
INFO: [ app_end ] --START--
INFO: Run Behavior\ShowPageTraceBehavior [ RunTime:0.000461s ]
INFO: [ app_end ] --END-- [ RunTime:0.000492s ]

[ 2019-01-31T19:54:02+08:00 ] ::1 /myoA/index.php/Admin/User/del/id/7
INFO: [ app_init ] --START--
INFO: Run Behavior\BuildLiteBehavior [ RunTime:0.000027s ]
INFO: [ app_init ] --END-- [ RunTime:0.000681s ]
INFO: [ app_begin ] --START--
INFO: Run Behavior\ReadHtmlCacheBehavior [ RunTime:0.000720s ]
INFO: [ app_begin ] --END-- [ RunTime:0.000789s ]
SQL: SHOW COLUMNS FROM `sp_user` [ RunTime:0.0738s ]
SQL: DELETE FROM `sp_user` WHERE `id` = 7 [ RunTime:0.0008s ]
INFO: [ view_parse ] --START--
INFO: [ template_filter ] --START--
INFO: Run Behavior\ContentReplaceBehavior [ RunTime:0.000036s ]
INFO: [ template_filter ] --END-- [ RunTime:0.000075s ]
INFO: Run Behavior\ParseTemplateBehavior [ RunTime:0.005678s ]
INFO: [ view_parse ] --END-- [ RunTime:0.005737s ]
INFO: [ view_filter ] --START--
INFO: Run Behavior\WriteHtmlCacheBehavior [ RunTime:0.000263s ]
INFO: [ view_filter ] --END-- [ RunTime:0.000301s ]
INFO: [ app_end ] --START--
INFO: Run Behavior\ShowPageTraceBehavior [ RunTime:0.000465s ]
INFO: [ app_end ] --END-- [ RunTime:0.000530s ]

[ 2019-01-31T19:54:04+08:00 ] ::1 /myoA/index.php/Admin/User/showList
INFO: [ app_init ] --START--
INFO: Run Behavior\BuildLiteBehavior [ RunTime:0.000013s ]
INFO: [ app_init ] --END-- [ RunTime:0.000412s ]
INFO: [ app_begin ] --START--
INFO: Run Behavior\ReadHtmlCacheBehavior [ RunTime:0.000463s ]
INFO: [ app_begin ] --END-- [ RunTime:0.000510s ]
SQL: SHOW COLUMNS FROM `sp_user` [ RunTime:0.0352s ]
SQL: SELECT COUNT(*) AS tp_count FROM `sp_user` LIMIT 1   [ RunTime:0.0005s ]
NOTIC: [8] Undefined property: Think\Page::$lastRow E:\myphp_www\PHPTutorial\WWW\myoA\Application\Admin\Controller\UserController.class.php 第 68 行.
SQL: SELECT * FROM `sp_user`  [ RunTime:0.0005s ]
INFO: [ view_parse ] --START--
INFO: [ template_filter ] --START--
INFO: Run Behavior\ContentReplaceBehavior [ RunTime:0.000069s ]
INFO: [ template_filter ] --END-- [ RunTime:0.000126s ]
NOTIC: [8] Undefined variable: count E:\myphp_www\PHPTutorial\WWW\myoA\Application\Runtime\Cache\Admin\f9f03a5bf1fbdbda752dba6d64925151.php 第 68 行.
INFO: Run Behavior\ParseTemplateBehavior [ RunTime:0.008836s ]
INFO: [ view_parse ] --END-- [ RunTime:0.008883s ]
INFO: [ view_filter ] --START--
INFO: Run Behavior\WriteHtmlCacheBehavior [ RunTime:0.000290s ]
INFO: [ view_filter ] --END-- [ RunTime:0.000324s ]
INFO: [ app_end ] --START--
INFO: Run Behavior\ShowPageTraceBehavior [ RunTime:0.000470s ]
INFO: [ app_end ] --END-- [ RunTime:0.000508s ]

[ 2019-01-31T19:54:22+08:00 ] ::1 /myoA/index.php/Admin/User/edit/id/5
INFO: [ app_init ] --START--
INFO: Run Behavior\BuildLiteBehavior [ RunTime:0.000013s ]
INFO: [ app_init ] --END-- [ RunTime:0.000416s ]
INFO: [ app_begin ] --START--
INFO: Run Behavior\ReadHtmlCacheBehavior [ RunTime:0.000471s ]
INFO: [ app_begin ] --END-- [ RunTime:0.000516s ]
SQL: SHOW COLUMNS FROM `sp_user` [ RunTime:0.0518s ]
SQL: SELECT * FROM `sp_user` WHERE `id` = 5 LIMIT 1   [ RunTime:0.0008s ]
SQL: SHOW COLUMNS FROM `sp_user` [ RunTime:0.0140s ]
SQL: SELECT t1.*,t2.name as deptname FROM sp_user as t1,sp_dept as t2 WHERE ( t1.dept_id = t2.id )  [ RunTime:0.0008s ]
INFO: [ view_parse ] --START--
INFO: [ template_filter ] --START--
INFO: Run Behavior\ContentReplaceBehavior [ RunTime:0.000050s ]
INFO: [ template_filter ] --END-- [ RunTime:0.000088s ]
INFO: Run Behavior\ParseTemplateBehavior [ RunTime:0.007056s ]
INFO: [ view_parse ] --END-- [ RunTime:0.007112s ]
INFO: [ view_filter ] --START--
INFO: Run Behavior\WriteHtmlCacheBehavior [ RunTime:0.000386s ]
INFO: [ view_filter ] --END-- [ RunTime:0.000429s ]
INFO: [ app_end ] --START--
INFO: Run Behavior\ShowPageTraceBehavior [ RunTime:0.000597s ]
INFO: [ app_end ] --END-- [ RunTime:0.000644s ]

[ 2019-01-31T19:54:46+08:00 ] ::1 /myoA/index.php/Admin/Index/index
INFO: [ app_init ] --START--
INFO: Run Behavior\BuildLiteBehavior [ RunTime:0.000013s ]
INFO: [ app_init ] --END-- [ RunTime:0.000416s ]
INFO: [ app_begin ] --START--
INFO: Run Behavior\ReadHtmlCacheBehavior [ RunTime:0.000474s ]
INFO: [ app_begin ] --END-- [ RunTime:0.000518s ]
INFO: [ view_parse ] --START--
INFO: [ template_filter ] --START--
INFO: Run Behavior\ContentReplaceBehavior [ RunTime:0.000058s ]
INFO: [ template_filter ] --END-- [ RunTime:0.000113s ]
INFO: Run Behavior\ParseTemplateBehavior [ RunTime:0.039426s ]
INFO: [ view_parse ] --END-- [ RunTime:0.039490s ]
INFO: [ view_filter ] --START--
INFO: Run Behavior\WriteHtmlCacheBehavior [ RunTime:0.000322s ]
INFO: [ view_filter ] --END-- [ RunTime:0.000357s ]
INFO: [ app_end ] --START--
INFO: Run Behavior\ShowPageTraceBehavior [ RunTime:0.000530s ]
INFO: [ app_end ] --END-- [ RunTime:0.000566s ]

[ 2019-01-31T19:54:47+08:00 ] ::1 /myoA/index.php/Admin/Index/home.html
INFO: [ app_init ] --START--
INFO: Run Behavior\BuildLiteBehavior [ RunTime:0.000011s ]
INFO: [ app_init ] --END-- [ RunTime:0.000352s ]
INFO: [ app_begin ] --START--
INFO: Run Behavior\ReadHtmlCacheBehavior [ RunTime:0.000604s ]
INFO: [ app_begin ] --END-- [ RunTime:0.000680s ]
INFO: [ view_parse ] --START--
INFO: [ template_filter ] --START--
INFO: Run Behavior\ContentReplaceBehavior [ RunTime:0.000107s ]
INFO: [ template_filter ] --END-- [ RunTime:0.000150s ]
INFO: Run Behavior\ParseTemplateBehavior [ RunTime:0.008999s ]
INFO: [ view_parse ] --END-- [ RunTime:0.009068s ]
INFO: [ view_filter ] --START--
INFO: Run Behavior\WriteHtmlCacheBehavior [ RunTime:0.000274s ]
INFO: [ view_filter ] --END-- [ RunTime:0.000305s ]
INFO: [ app_end ] --START--
INFO: Run Behavior\ShowPageTraceBehavior [ RunTime:0.000621s ]
INFO: [ app_end ] --END-- [ RunTime:0.000667s ]

[ 2019-01-31T19:54:47+08:00 ] ::1 /myoA/index.php/Admin/Index/js/common.js
INFO: [ app_init ] --START--
INFO: Run Behavior\BuildLiteBehavior [ RunTime:0.000022s ]
INFO: [ app_init ] --END-- [ RunTime:0.000669s ]
INFO: [ app_begin ] --START--
INFO: Run Behavior\ReadHtmlCacheBehavior [ RunTime:0.000523s ]
INFO: [ app_begin ] --END-- [ RunTime:0.000585s ]
ERR: 非法操作:js

[ 2019-01-31T19:54:48+08:00 ] ::1 /myoA/index.php/Admin/Index/js/jquery.js
INFO: [ app_init ] --START--
INFO: Run Behavior\BuildLiteBehavior [ RunTime:0.000013s ]
INFO: [ app_init ] --END-- [ RunTime:0.000437s ]
INFO: [ app_begin ] --START--
INFO: Run Behavior\ReadHtmlCacheBehavior [ RunTime:0.000402s ]
INFO: [ app_begin ] --END-- [ RunTime:0.000440s ]
ERR: 非法操作:js

[ 2019-01-31T19:54:48+08:00 ] ::1 /myoA/index.php/Admin/Index/js/common.js
INFO: [ app_init ] --START--
INFO: Run Behavior\BuildLiteBehavior [ RunTime:0.000012s ]
INFO: [ app_init ] --END-- [ RunTime:0.000365s ]
INFO: [ app_begin ] --START--
INFO: Run Behavior\ReadHtmlCacheBehavior [ RunTime:0.000422s ]
INFO: [ app_begin ] --END-- [ RunTime:0.000477s ]
ERR: 非法操作:js

[ 2019-01-31T19:54:49+08:00 ] ::1 /myoA/index.php/Admin/Index/home.html
INFO: [ app_init ] --START--
INFO: Run Behavior\BuildLiteBehavior [ RunTime:0.000011s ]
INFO: [ app_init ] --END-- [ RunTime:0.000346s ]
INFO: [ app_begin ] --START--
INFO: Run Behavior\ReadHtmlCacheBehavior [ RunTime:0.000393s ]
INFO: [ app_begin ] --END-- [ RunTime:0.000430s ]
INFO: [ view_parse ] --START--
INFO: [ template_filter ] --START--
INFO: Run Behavior\ContentReplaceBehavior [ RunTime:0.000081s ]
INFO: [ template_filter ] --END-- [ RunTime:0.000126s ]
INFO: Run Behavior\ParseTemplateBehavior [ RunTime:0.008379s ]
INFO: [ view_parse ] --END-- [ RunTime:0.008438s ]
INFO: [ view_filter ] --START--
INFO: Run Behavior\WriteHtmlCacheBehavior [ RunTime:0.000249s ]
INFO: [ view_filter ] --END-- [ RunTime:0.000278s ]
INFO: [ app_end ] --START--
INFO: Run Behavior\ShowPageTraceBehavior [ RunTime:0.000561s ]
INFO: [ app_end ] --END-- [ RunTime:0.000600s ]

[ 2019-01-31T19:54:49+08:00 ] ::1 /myoA/index.php/Admin/Index/js/jquery.js
INFO: [ app_init ] --START--
INFO: Run Behavior\BuildLiteBehavior [ RunTime:0.000018s ]
INFO: [ app_init ] --END-- [ RunTime:0.000426s ]
INFO: [ app_begin ] --START--
INFO: Run Behavior\ReadHtmlCacheBehavior [ RunTime:0.000478s ]
INFO: [ app_begin ] --END-- [ RunTime:0.000523s ]
ERR: 非法操作:js

[ 2019-01-31T19:54:50+08:00 ] ::1 /myoA/index.php/Admin/Index/js/common.js
INFO: [ app_init ] --START--
INFO: Run Behavior\BuildLiteBehavior [ RunTime:0.000011s ]
INFO: [ app_init ] --END-- [ RunTime:0.000397s ]
INFO: [ app_begin ] --START--
INFO: Run Behavior\ReadHtmlCacheBehavior [ RunTime:0.000433s ]
INFO: [ app_begin ] --END-- [ RunTime:0.000470s ]
ERR: 非法操作:js

[ 2019-01-31T19:54:51+08:00 ] ::1 /myoA/index.php/Admin/Dept/add.html
INFO: [ app_init ] --START--
INFO: Run Behavior\BuildLiteBehavior [ RunTime:0.000011s ]
INFO: [ app_init ] --END-- [ RunTime:0.000408s ]
INFO: [ app_begin ] --START--
INFO: Run Behavior\ReadHtmlCacheBehavior [ RunTime:0.000464s ]
INFO: [ app_begin ] --END-- [ RunTime:0.000502s ]
SQL: SHOW COLUMNS FROM `sp_dept` [ RunTime:0.0175s ]
SQL: SELECT * FROM `sp_dept` WHERE ( pid = 0 )  [ RunTime:0.0006s ]
INFO: [ view_parse ] --START--
INFO: [ template_filter ] --START--
INFO: Run Behavior\ContentReplaceBehavior [ RunTime:0.000049s ]
INFO: [ template_filter ] --END-- [ RunTime:0.000109s ]
INFO: Run Behavior\ParseTemplateBehavior [ RunTime:0.007363s ]
INFO: [ view_parse ] --END-- [ RunTime:0.007428s ]
INFO: [ view_filter ] --START--
INFO: Run Behavior\WriteHtmlCacheBehavior [ RunTime:0.000304s ]
INFO: [ view_filter ] --END-- [ RunTime:0.000337s ]
INFO: [ app_end ] --START--
INFO: Run Behavior\ShowPageTraceBehavior [ RunTime:0.000496s ]
INFO: [ app_end ] --END-- [ RunTime:0.000532s ]

[ 2019-01-31T19:54:54+08:00 ] ::1 /myoA/index.php/Admin/Dept/showList.html
INFO: [ app_init ] --START--
INFO: Run Behavior\BuildLiteBehavior [ RunTime:0.000012s ]
INFO: [ app_init ] --END-- [ RunTime:0.000453s ]
INFO: [ app_begin ] --START--
INFO: Run Behavior\ReadHtmlCacheBehavior [ RunTime:0.000500s ]
INFO: [ app_begin ] --END-- [ RunTime:0.000544s ]
SQL: SHOW COLUMNS FROM `sp_dept` [ RunTime:0.0141s ]
SQL: SELECT * FROM `sp_dept` ORDER BY id asc  [ RunTime:0.0007s ]
SQL: SELECT * FROM `sp_dept` WHERE `id` = 1 LIMIT 1   [ RunTime:0.0006s ]
SQL: SELECT * FROM `sp_dept` WHERE `id` = 2 LIMIT 1   [ RunTime:0.0006s ]
SQL: SELECT * FROM `sp_dept` WHERE `id` = 2 LIMIT 1   [ RunTime:0.0006s ]
INFO: [ view_parse ] --START--
INFO: [ template_filter ] --START--
INFO: Run Behavior\ContentReplaceBehavior [ RunTime:0.000077s ]
INFO: [ template_filter ] --END-- [ RunTime:0.000126s ]
INFO: Run Behavior\ParseTemplateBehavior [ RunTime:0.015324s ]
INFO: [ view_parse ] --END-- [ RunTime:0.015378s ]
INFO: [ view_filter ] --START--
INFO: Run Behavior\WriteHtmlCacheBehavior [ RunTime:0.000347s ]
INFO: [ view_filter ] --END-- [ RunTime:0.000381s ]
INFO: [ app_end ] --START--
INFO: Run Behavior\ShowPageTraceBehavior [ RunTime:0.000480s ]
INFO: [ app_end ] --END-- [ RunTime:0.000514s ]

[ 2019-01-31T19:54:55+08:00 ] ::1 /myoA/index.php/Admin/Dept/j/myoA/Public/Admin/s/WdatePicker.js
INFO: [ app_init ] --START--
INFO: Run Behavior\BuildLiteBehavior [ RunTime:0.000022s ]
INFO: [ app_init ] --END-- [ RunTime:0.000602s ]
INFO: [ app_begin ] --START--
INFO: Run Behavior\ReadHtmlCacheBehavior [ RunTime:0.000814s ]
INFO: [ app_begin ] --END-- [ RunTime:0.000905s ]
ERR: 非法操作:j

[ 2019-01-31T19:55:12+08:00 ] ::1 /myoA/index.php/Admin/User/add.html
INFO: [ app_init ] --START--
INFO: Run Behavior\BuildLiteBehavior [ RunTime:0.000012s ]
INFO: [ app_init ] --END-- [ RunTime:0.000365s ]
INFO: [ app_begin ] --START--
INFO: Run Behavior\ReadHtmlCacheBehavior [ RunTime:0.000398s ]
INFO: [ app_begin ] --END-- [ RunTime:0.000453s ]
SQL: SHOW COLUMNS FROM `sp_dept` [ RunTime:0.0131s ]
SQL: SELECT * FROM `sp_dept`  [ RunTime:0.0005s ]
INFO: [ view_parse ] --START--
INFO: [ template_filter ] --START--
INFO: Run Behavior\ContentReplaceBehavior [ RunTime:0.000047s ]
INFO: [ template_filter ] --END-- [ RunTime:0.000088s ]
INFO: Run Behavior\ParseTemplateBehavior [ RunTime:0.006651s ]
INFO: [ view_parse ] --END-- [ RunTime:0.006697s ]
INFO: [ view_filter ] --START--
INFO: Run Behavior\WriteHtmlCacheBehavior [ RunTime:0.000286s ]
INFO: [ view_filter ] --END-- [ RunTime:0.000314s ]
INFO: [ app_end ] --START--
INFO: Run Behavior\ShowPageTraceBehavior [ RunTime:0.000417s ]
INFO: [ app_end ] --END-- [ RunTime:0.000449s ]

[ 2019-01-31T19:55:19+08:00 ] ::1 /myoA/index.php/Admin/User/showList.html
INFO: [ app_init ] --START--
INFO: Run Behavior\BuildLiteBehavior [ RunTime:0.000011s ]
INFO: [ app_init ] --END-- [ RunTime:0.000347s ]
INFO: [ app_begin ] --START--
INFO: Run Behavior\ReadHtmlCacheBehavior [ RunTime:0.000397s ]
INFO: [ app_begin ] --END-- [ RunTime:0.000434s ]
SQL: SHOW COLUMNS FROM `sp_user` [ RunTime:0.0155s ]
SQL: SELECT COUNT(*) AS tp_count FROM `sp_user` LIMIT 1   [ RunTime:0.0005s ]
NOTIC: [8] Undefined property: Think\Page::$lastRow E:\myphp_www\PHPTutorial\WWW\myoA\Application\Admin\Controller\UserController.class.php 第 68 行.
SQL: SELECT * FROM `sp_user`  [ RunTime:0.0007s ]
INFO: [ view_parse ] --START--
INFO: [ template_filter ] --START--
INFO: Run Behavior\ContentReplaceBehavior [ RunTime:0.000064s ]
INFO: [ template_filter ] --END-- [ RunTime:0.000108s ]
NOTIC: [8] Undefined variable: count E:\myphp_www\PHPTutorial\WWW\myoA\Application\Runtime\Cache\Admin\f9f03a5bf1fbdbda752dba6d64925151.php 第 68 行.
INFO: Run Behavior\ParseTemplateBehavior [ RunTime:0.008112s ]
INFO: [ view_parse ] --END-- [ RunTime:0.008170s ]
INFO: [ view_filter ] --START--
INFO: Run Behavior\WriteHtmlCacheBehavior [ RunTime:0.000382s ]
INFO: [ view_filter ] --END-- [ RunTime:0.000431s ]
INFO: [ app_end ] --START--
INFO: Run Behavior\ShowPageTraceBehavior [ RunTime:0.000618s ]
INFO: [ app_end ] --END-- [ RunTime:0.000682s ]

[ 2019-01-31T19:55:23+08:00 ] ::1 /myoA/index.php/Admin/User/edit/id/5
INFO: [ app_init ] --START--
INFO: Run Behavior\BuildLiteBehavior [ RunTime:0.000011s ]
INFO: [ app_init ] --END-- [ RunTime:0.000347s ]
INFO: [ app_begin ] --START--
INFO: Run Behavior\ReadHtmlCacheBehavior [ RunTime:0.000399s ]
INFO: [ app_begin ] --END-- [ RunTime:0.000437s ]
SQL: SHOW COLUMNS FROM `sp_user` [ RunTime:0.0143s ]
SQL: SELECT * FROM `sp_user` WHERE `id` = 5 LIMIT 1   [ RunTime:0.0006s ]
SQL: SHOW COLUMNS FROM `sp_user` [ RunTime:0.0713s ]
SQL: SELECT t1.*,t2.name as deptname FROM sp_user as t1,sp_dept as t2 WHERE ( t1.dept_id = t2.id )  [ RunTime:0.0006s ]
INFO: [ view_parse ] --START--
INFO: [ template_filter ] --START--
INFO: Run Behavior\ContentReplaceBehavior [ RunTime:0.000052s ]
INFO: [ template_filter ] --END-- [ RunTime:0.000090s ]
INFO: Run Behavior\ParseTemplateBehavior [ RunTime:0.007149s ]
INFO: [ view_parse ] --END-- [ RunTime:0.007197s ]
INFO: [ view_filter ] --START--
INFO: Run Behavior\WriteHtmlCacheBehavior [ RunTime:0.000285s ]
INFO: [ view_filter ] --END-- [ RunTime:0.000316s ]
INFO: [ app_end ] --START--
INFO: Run Behavior\ShowPageTraceBehavior [ RunTime:0.000423s ]
INFO: [ app_end ] --END-- [ RunTime:0.000455s ]

[ 2019-01-31T19:55:32+08:00 ] ::1 /myoA/index.php/Admin/User/showList/p/2.html
INFO: [ app_init ] --START--
INFO: Run Behavior\BuildLiteBehavior [ RunTime:0.000011s ]
INFO: [ app_init ] --END-- [ RunTime:0.000343s ]
INFO: [ app_begin ] --START--
INFO: Run Behavior\ReadHtmlCacheBehavior [ RunTime:0.000395s ]
INFO: [ app_begin ] --END-- [ RunTime:0.000434s ]
SQL: SHOW COLUMNS FROM `sp_user` [ RunTime:0.0135s ]
SQL: SELECT COUNT(*) AS tp_count FROM `sp_user` LIMIT 1   [ RunTime:0.0008s ]
NOTIC: [8] Undefined property: Think\Page::$lastRow E:\myphp_www\PHPTutorial\WWW\myoA\Application\Admin\Controller\UserController.class.php 第 68 行.
SQL: SELECT * FROM `sp_user` LIMIT 1   [ RunTime:0.0007s ]
INFO: [ view_parse ] --START--
INFO: [ template_filter ] --START--
INFO: Run Behavior\ContentReplaceBehavior [ RunTime:0.000056s ]
INFO: [ template_filter ] --END-- [ RunTime:0.000095s ]
NOTIC: [8] Undefined variable: count E:\myphp_www\PHPTutorial\WWW\myoA\Application\Runtime\Cache\Admin\f9f03a5bf1fbdbda752dba6d64925151.php 第 68 行.
INFO: Run Behavior\ParseTemplateBehavior [ RunTime:0.007014s ]
INFO: [ view_parse ] --END-- [ RunTime:0.007054s ]
INFO: [ view_filter ] --START--
INFO: Run Behavior\WriteHtmlCacheBehavior [ RunTime:0.000270s ]
INFO: [ view_filter ] --END-- [ RunTime:0.000304s ]
INFO: [ app_end ] --START--
INFO: Run Behavior\ShowPageTraceBehavior [ RunTime:0.000414s ]
INFO: [ app_end ] --END-- [ RunTime:0.000447s ]

[ 2019-01-31T19:55:35+08:00 ] ::1 /myoA/index.php/Admin/User/showList/p/1.html
INFO: [ app_init ] --START--
INFO: Run Behavior\BuildLiteBehavior [ RunTime:0.000021s ]
INFO: [ app_init ] --END-- [ RunTime:0.000507s ]
INFO: [ app_begin ] --START--
INFO: Run Behavior\ReadHtmlCacheBehavior [ RunTime:0.000407s ]
INFO: [ app_begin ] --END-- [ RunTime:0.000448s ]
SQL: SHOW COLUMNS FROM `sp_user` [ RunTime:0.0158s ]
SQL: SELECT COUNT(*) AS tp_count FROM `sp_user` LIMIT 1   [ RunTime:0.0008s ]
NOTIC: [8] Undefined property: Think\Page::$lastRow E:\myphp_www\PHPTutorial\WWW\myoA\Application\Admin\Controller\UserController.class.php 第 68 行.
SQL: SELECT * FROM `sp_user`  [ RunTime:0.0009s ]
INFO: [ view_parse ] --START--
INFO: [ template_filter ] --START--
INFO: Run Behavior\ContentReplaceBehavior [ RunTime:0.000064s ]
INFO: [ template_filter ] --END-- [ RunTime:0.000108s ]
NOTIC: [8] Undefined variable: count E:\myphp_www\PHPTutorial\WWW\myoA\Application\Runtime\Cache\Admin\f9f03a5bf1fbdbda752dba6d64925151.php 第 68 行.
INFO: Run Behavior\ParseTemplateBehavior [ RunTime:0.009632s ]
INFO: [ view_parse ] --END-- [ RunTime:0.009691s ]
INFO: [ view_filter ] --START--
INFO: Run Behavior\WriteHtmlCacheBehavior [ RunTime:0.000346s ]
INFO: [ view_filter ] --END-- [ RunTime:0.000391s ]
INFO: [ app_end ] --START--
INFO: Run Behavior\ShowPageTraceBehavior [ RunTime:0.000611s ]
INFO: [ app_end ] --END-- [ RunTime:0.000660s ]

[ 2019-01-31T19:55:46+08:00 ] ::1 /myoA/index.php/Admin/Index/home.html
INFO: [ app_init ] --START--
INFO: Run Behavior\BuildLiteBehavior [ RunTime:0.000011s ]
INFO: [ app_init ] --END-- [ RunTime:0.000363s ]
INFO: [ app_begin ] --START--
INFO: Run Behavior\ReadHtmlCacheBehavior [ RunTime:0.000406s ]
INFO: [ app_begin ] --END-- [ RunTime:0.000444s ]
INFO: [ view_parse ] --START--
INFO: [ template_filter ] --START--
INFO: Run Behavior\ContentReplaceBehavior [ RunTime:0.000115s ]
INFO: [ template_filter ] --END-- [ RunTime:0.000154s ]
INFO: Run Behavior\ParseTemplateBehavior [ RunTime:0.008070s ]
INFO: [ view_parse ] --END-- [ RunTime:0.008119s ]
INFO: [ view_filter ] --START--
INFO: Run Behavior\WriteHtmlCacheBehavior [ RunTime:0.000252s ]
INFO: [ view_filter ] --END-- [ RunTime:0.000284s ]
INFO: [ app_end ] --START--
INFO: Run Behavior\ShowPageTraceBehavior [ RunTime:0.000571s ]
INFO: [ app_end ] --END-- [ RunTime:0.000615s ]

[ 2019-01-31T19:55:46+08:00 ] ::1 /myoA/index.php/Admin/Index/js/jquery.js
INFO: [ app_init ] --START--
INFO: Run Behavior\BuildLiteBehavior [ RunTime:0.000019s ]
INFO: [ app_init ] --END-- [ RunTime:0.000513s ]
INFO: [ app_begin ] --START--
INFO: Run Behavior\ReadHtmlCacheBehavior [ RunTime:0.000437s ]
INFO: [ app_begin ] --END-- [ RunTime:0.000475s ]
ERR: 非法操作:js

[ 2019-01-31T19:55:47+08:00 ] ::1 /myoA/index.php/Admin/Index/home.html
INFO: [ app_init ] --START--
INFO: Run Behavior\BuildLiteBehavior [ RunTime:0.000013s ]
INFO: [ app_init ] --END-- [ RunTime:0.000355s ]
INFO: [ app_begin ] --START--
INFO: Run Behavior\ReadHtmlCacheBehavior [ RunTime:0.000394s ]
INFO: [ app_begin ] --END-- [ RunTime:0.000431s ]
INFO: [ view_parse ] --START--
INFO: [ template_filter ] --START--
INFO: Run Behavior\ContentReplaceBehavior [ RunTime:0.000081s ]
INFO: [ template_filter ] --END-- [ RunTime:0.000123s ]
INFO: Run Behavior\ParseTemplateBehavior [ RunTime:0.044580s ]
INFO: [ view_parse ] --END-- [ RunTime:0.044697s ]
INFO: [ view_filter ] --START--
INFO: Run Behavior\WriteHtmlCacheBehavior [ RunTime:0.000341s ]
INFO: [ view_filter ] --END-- [ RunTime:0.000380s ]
INFO: [ app_end ] --START--
INFO: Run Behavior\ShowPageTraceBehavior [ RunTime:0.000579s ]
INFO: [ app_end ] --END-- [ RunTime:0.000620s ]

[ 2019-01-31T19:55:47+08:00 ] ::1 /myoA/index.php/Admin/Index/js/jquery.js
INFO: [ app_init ] --START--
INFO: Run Behavior\BuildLiteBehavior [ RunTime:0.000019s ]
INFO: [ app_init ] --END-- [ RunTime:0.000937s ]
INFO: [ app_begin ] --START--
INFO: Run Behavior\ReadHtmlCacheBehavior [ RunTime:0.001019s ]
INFO: [ app_begin ] --END-- [ RunTime:0.001120s ]
ERR: 非法操作:js

[ 2019-01-31T19:55:47+08:00 ] ::1 /myoA/index.php/Admin/Index/js/common.js
INFO: [ app_init ] --START--
INFO: Run Behavior\BuildLiteBehavior [ RunTime:0.000011s ]
INFO: [ app_init ] --END-- [ RunTime:0.000429s ]
INFO: [ app_begin ] --START--
INFO: Run Behavior\ReadHtmlCacheBehavior [ RunTime:0.000436s ]
INFO: [ app_begin ] --END-- [ RunTime:0.000493s ]
ERR: 非法操作:js

[ 2019-01-31T19:55:48+08:00 ] ::1 /myoA/index.php/Admin/Index/js/common.js
INFO: [ app_init ] --START--
INFO: Run Behavior\BuildLiteBehavior [ RunTime:0.000012s ]
INFO: [ app_init ] --END-- [ RunTime:0.000354s ]
INFO: [ app_begin ] --START--
INFO: Run Behavior\ReadHtmlCacheBehavior [ RunTime:0.000402s ]
INFO: [ app_begin ] --END-- [ RunTime:0.000441s ]
ERR: 非法操作:js

[ 2019-01-31T19:55:49+08:00 ] ::1 /myoA/index.php/Admin/Index/home.html
INFO: [ app_init ] --START--
INFO: Run Behavior\BuildLiteBehavior [ RunTime:0.000011s ]
INFO: [ app_init ] --END-- [ RunTime:0.000341s ]
INFO: [ app_begin ] --START--
INFO: Run Behavior\ReadHtmlCacheBehavior [ RunTime:0.000396s ]
INFO: [ app_begin ] --END-- [ RunTime:0.000434s ]
INFO: [ view_parse ] --START--
INFO: [ template_filter ] --START--
INFO: Run Behavior\ContentReplaceBehavior [ RunTime:0.000091s ]
INFO: [ template_filter ] --END-- [ RunTime:0.000135s ]
INFO: Run Behavior\ParseTemplateBehavior [ RunTime:0.015503s ]
INFO: [ view_parse ] --END-- [ RunTime:0.015547s ]
INFO: [ view_filter ] --START--
INFO: Run Behavior\WriteHtmlCacheBehavior [ RunTime:0.000299s ]
INFO: [ view_filter ] --END-- [ RunTime:0.000329s ]
INFO: [ app_end ] --START--
INFO: Run Behavior\ShowPageTraceBehavior [ RunTime:0.000645s ]
INFO: [ app_end ] --END-- [ RunTime:0.000710s ]

[ 2019-01-31T19:55:49+08:00 ] ::1 /myoA/index.php/Admin/Index/js/common.js
INFO: [ app_init ] --START--
INFO: Run Behavior\BuildLiteBehavior [ RunTime:0.000021s ]
INFO: [ app_init ] --END-- [ RunTime:0.000551s ]
INFO: [ app_begin ] --START--
INFO: Run Behavior\ReadHtmlCacheBehavior [ RunTime:0.000694s ]
INFO: [ app_begin ] --END-- [ RunTime:0.000762s ]
ERR: 非法操作:js

[ 2019-01-31T19:55:49+08:00 ] ::1 /myoA/index.php/Admin/Index/js/jquery.js
INFO: [ app_init ] --START--
INFO: Run Behavior\BuildLiteBehavior [ RunTime:0.000018s ]
INFO: [ app_init ] --END-- [ RunTime:0.000578s ]
INFO: [ app_begin ] --START--
INFO: Run Behavior\ReadHtmlCacheBehavior [ RunTime:0.000645s ]
INFO: [ app_begin ] --END-- [ RunTime:0.000710s ]
ERR: 非法操作:js

[ 2019-01-31T19:55:49+08:00 ] ::1 /myoA/index.php/Admin/Index/js/common.js
INFO: [ app_init ] --START--
INFO: Run Behavior\BuildLiteBehavior [ RunTime:0.000011s ]
INFO: [ app_init ] --END-- [ RunTime:0.000372s ]
INFO: [ app_begin ] --START--
INFO: Run Behavior\ReadHtmlCacheBehavior [ RunTime:0.000469s ]
INFO: [ app_begin ] --END-- [ RunTime:0.000508s ]
ERR: 非法操作:js

[ 2019-01-31T19:55:50+08:00 ] ::1 /myoA/index.php/Admin/Index/home.html
INFO: [ app_init ] --START--
INFO: Run Behavior\BuildLiteBehavior [ RunTime:0.000014s ]
INFO: [ app_init ] --END-- [ RunTime:0.000401s ]
INFO: [ app_begin ] --START--
INFO: Run Behavior\ReadHtmlCacheBehavior [ RunTime:0.000462s ]
INFO: [ app_begin ] --END-- [ RunTime:0.000506s ]
INFO: [ view_parse ] --START--
INFO: [ template_filter ] --START--
INFO: Run Behavior\ContentReplaceBehavior [ RunTime:0.000096s ]
INFO: [ template_filter ] --END-- [ RunTime:0.000150s ]
INFO: Run Behavior\ParseTemplateBehavior [ RunTime:0.011769s ]
INFO: [ view_parse ] --END-- [ RunTime:0.011833s ]
INFO: [ view_filter ] --START--
INFO: Run Behavior\WriteHtmlCacheBehavior [ RunTime:0.000291s ]
INFO: [ view_filter ] --END-- [ RunTime:0.000325s ]
INFO: [ app_end ] --START--
INFO: Run Behavior\ShowPageTraceBehavior [ RunTime:0.000621s ]
INFO: [ app_end ] --END-- [ RunTime:0.000677s ]

[ 2019-01-31T19:55:50+08:00 ] ::1 /myoA/index.php/Admin/Index/js/common.js
INFO: [ app_init ] --START--
INFO: Run Behavior\BuildLiteBehavior [ RunTime:0.000027s ]
INFO: [ app_init ] --END-- [ RunTime:0.000613s ]
INFO: [ app_begin ] --START--
INFO: Run Behavior\ReadHtmlCacheBehavior [ RunTime:0.000737s ]
INFO: [ app_begin ] --END-- [ RunTime:0.000815s ]
ERR: 非法操作:js

[ 2019-01-31T19:55:50+08:00 ] ::1 /myoA/index.php/Admin/Index/js/jquery.js
INFO: [ app_init ] --START--
INFO: Run Behavior\BuildLiteBehavior [ RunTime:0.000020s ]
INFO: [ app_init ] --END-- [ RunTime:0.000595s ]
INFO: [ app_begin ] --START--
INFO: Run Behavior\ReadHtmlCacheBehavior [ RunTime:0.001417s ]
INFO: [ app_begin ] --END-- [ RunTime:0.001502s ]
ERR: 非法操作:js

[ 2019-01-31T19:55:50+08:00 ] ::1 /myoA/index.php/Admin/Index/js/common.js
INFO: [ app_init ] --START--
INFO: Run Behavior\BuildLiteBehavior [ RunTime:0.000019s ]
INFO: [ app_init ] --END-- [ RunTime:0.000596s ]
INFO: [ app_begin ] --START--
INFO: Run Behavior\ReadHtmlCacheBehavior [ RunTime:0.000677s ]
INFO: [ app_begin ] --END-- [ RunTime:0.000745s ]
ERR: 非法操作:js

[ 2019-01-31T19:55:51+08:00 ] ::1 /myoA/index.php/Admin/Index/home.html
INFO: [ app_init ] --START--
INFO: Run Behavior\BuildLiteBehavior [ RunTime:0.000011s ]
INFO: [ app_init ] --END-- [ RunTime:0.000347s ]
INFO: [ app_begin ] --START--
INFO: Run Behavior\ReadHtmlCacheBehavior [ RunTime:0.000393s ]
INFO: [ app_begin ] --END-- [ RunTime:0.000431s ]
INFO: [ view_parse ] --START--
INFO: [ template_filter ] --START--
INFO: Run Behavior\ContentReplaceBehavior [ RunTime:0.000083s ]
INFO: [ template_filter ] --END-- [ RunTime:0.000128s ]
INFO: Run Behavior\ParseTemplateBehavior [ RunTime:0.008833s ]
INFO: [ view_parse ] --END-- [ RunTime:0.008879s ]
INFO: [ view_filter ] --START--
INFO: Run Behavior\WriteHtmlCacheBehavior [ RunTime:0.000276s ]
INFO: [ view_filter ] --END-- [ RunTime:0.000317s ]
INFO: [ app_end ] --START--
INFO: Run Behavior\ShowPageTraceBehavior [ RunTime:0.000574s ]
INFO: [ app_end ] --END-- [ RunTime:0.000628s ]

[ 2019-01-31T19:55:52+08:00 ] ::1 /myoA/index.php/Admin/Index/js/jquery.js
INFO: [ app_init ] --START--
INFO: Run Behavior\BuildLiteBehavior [ RunTime:0.000023s ]
INFO: [ app_init ] --END-- [ RunTime:0.000599s ]
INFO: [ app_begin ] --START--
INFO: Run Behavior\ReadHtmlCacheBehavior [ RunTime:0.000758s ]
INFO: [ app_begin ] --END-- [ RunTime:0.000844s ]
ERR: 非法操作:js

[ 2019-01-31T19:55:52+08:00 ] ::1 /myoA/index.php/Admin/Index/js/common.js
INFO: [ app_init ] --START--
INFO: Run Behavior\BuildLiteBehavior [ RunTime:0.000032s ]
INFO: [ app_init ] --END-- [ RunTime:0.000844s ]
INFO: [ app_begin ] --START--
INFO: Run Behavior\ReadHtmlCacheBehavior [ RunTime:0.001515s ]
INFO: [ app_begin ] --END-- [ RunTime:0.001610s ]
ERR: 非法操作:js

[ 2019-01-31T19:56:01+08:00 ] ::1 /myoA/index.php/Admin/Public/logout.html
INFO: [ app_init ] --START--
INFO: Run Behavior\BuildLiteBehavior [ RunTime:0.000012s ]
INFO: [ app_init ] --END-- [ RunTime:0.000563s ]
INFO: [ app_begin ] --START--
INFO: Run Behavior\ReadHtmlCacheBehavior [ RunTime:0.000535s ]
INFO: [ app_begin ] --END-- [ RunTime:0.000604s ]
INFO: [ view_parse ] --START--
INFO: [ template_filter ] --START--
INFO: Run Behavior\ContentReplaceBehavior [ RunTime:0.000041s ]
INFO: [ template_filter ] --END-- [ RunTime:0.000098s ]
INFO: Run Behavior\ParseTemplateBehavior [ RunTime:0.006390s ]
INFO: [ view_parse ] --END-- [ RunTime:0.006514s ]
INFO: [ view_filter ] --START--
INFO: Run Behavior\WriteHtmlCacheBehavior [ RunTime:0.000283s ]
INFO: [ view_filter ] --END-- [ RunTime:0.000315s ]
INFO: [ app_end ] --START--
INFO: Run Behavior\ShowPageTraceBehavior [ RunTime:0.000482s ]
INFO: [ app_end ] --END-- [ RunTime:0.000526s ]

[ 2019-01-31T19:56:02+08:00 ] ::1 /myoA/index.php/Admin/Public/login.html
INFO: [ app_init ] --START--
INFO: Run Behavior\BuildLiteBehavior [ RunTime:0.000012s ]
INFO: [ app_init ] --END-- [ RunTime:0.000360s ]
INFO: [ app_begin ] --START--
INFO: Run Behavior\ReadHtmlCacheBehavior [ RunTime:0.000407s ]
INFO: [ app_begin ] --END-- [ RunTime:0.000446s ]
INFO: [ view_parse ] --START--
INFO: [ template_filter ] --START--
INFO: Run Behavior\ContentReplaceBehavior [ RunTime:0.000044s ]
INFO: [ template_filter ] --END-- [ RunTime:0.000106s ]
INFO: Run Behavior\ParseTemplateBehavior [ RunTime:0.048434s ]
INFO: [ view_parse ] --END-- [ RunTime:0.048481s ]
INFO: [ view_filter ] --START--
INFO: Run Behavior\WriteHtmlCacheBehavior [ RunTime:0.000264s ]
INFO: [ view_filter ] --END-- [ RunTime:0.000295s ]
INFO: [ app_end ] --START--
INFO: Run Behavior\ShowPageTraceBehavior [ RunTime:0.000426s ]
INFO: [ app_end ] --END-- [ RunTime:0.000497s ]

[ 2019-01-31T19:56:03+08:00 ] ::1 /myoA/index.php/Admin/Public/captcha
INFO: [ app_init ] --START--
INFO: Run Behavior\BuildLiteBehavior [ RunTime:0.000067s ]
INFO: [ app_init ] --END-- [ RunTime:0.000967s ]
INFO: [ app_begin ] --START--
INFO: Run Behavior\ReadHtmlCacheBehavior [ RunTime:0.000783s ]
INFO: [ app_begin ] --END-- [ RunTime:0.000866s ]
NOTIC: [8] Use of undefined constant ture - assumed 'ture' E:\myphp_www\PHPTutorial\WWW\myoA\Application\Admin\Controller\PublicController.class.php 第 23 行.
INFO: [ app_end ] --START--
INFO: Run Behavior\ShowPageTraceBehavior [ RunTime:0.000555s ]
INFO: [ app_end ] --END-- [ RunTime:0.000615s ]

